# JRE version: OpenJDK Runtime Environment (8.0_242-b01) (build 1.8.0_242-release-1644-b01)
# Java VM: OpenJDK 64-Bit Server VM (25.242-b01 mixed mode windows-amd64 compressed oops)
Heap:
 PSYoungGen      total 302592K, used 96614K [0x00000000d5580000, 0x00000000eb200000, 0x0000000100000000)
  eden space 273920K, 24% used [0x00000000d5580000,0x00000000d97dd900,0x00000000e6100000)
  from space 28672K, 99% used [0x00000000e8580000,0x00000000ea17c2a0,0x00000000ea180000)
  to   space 37376K, 0% used [0x00000000e6100000,0x00000000e6100000,0x00000000e8580000)
 ParOldGen       total 213504K, used 62468K [0x0000000080000000, 0x000000008d080000, 0x00000000d5580000)
  object space 213504K, 29% used [0x0000000080000000,0x0000000083d01070,0x000000008d080000)
 Metaspace       used 88901K, capacity 94869K, committed 95000K, reserved 1130496K
  class space    used 12135K, capacity 13258K, committed 13352K, reserved 1048576K
GC Heap History (10 events):
Event: 10.856 GC heap before
{Heap before GC invocations=13 (full 3):
 PSYoungGen      total 226304K, used 17889K [0x00000000d5580000, 0x00000000e6600000, 0x0000000100000000)
  eden space 208384K, 0% used [0x00000000d5580000,0x00000000d5580000,0x00000000e2100000)
  from space 17920K, 99% used [0x00000000e3500000,0x00000000e4678458,0x00000000e4680000)
  to   space 20480K, 0% used [0x00000000e2100000,0x00000000e2100000,0x00000000e3500000)
 ParOldGen       total 138240K, used 29908K [0x0000000080000000, 0x0000000088700000, 0x00000000d5580000)
  object space 138240K, 21% used [0x0000000080000000,0x0000000081d351a0,0x0000000088700000)
 Metaspace       used 56535K, capacity 58985K, committed 59160K, reserved 1099776K
  class space    used 7714K, capacity 8232K, committed 8232K, reserved 1048576K
Event: 11.146 GC heap after
Heap after GC invocations=13 (full 3):
 PSYoungGen      total 226304K, used 0K [0x00000000d5580000, 0x00000000e6600000, 0x0000000100000000)
  eden space 208384K, 0% used [0x00000000d5580000,0x00000000d5580000,0x00000000e2100000)
  from space 17920K, 0% used [0x00000000e3500000,0x00000000e3500000,0x00000000e4680000)
  to   space 20480K, 0% used [0x00000000e2100000,0x00000000e2100000,0x00000000e3500000)
 ParOldGen       total 213504K, used 36163K [0x0000000080000000, 0x000000008d080000, 0x00000000d5580000)
  object space 213504K, 16% used [0x0000000080000000,0x0000000082350da0,0x000000008d080000)
 Metaspace       used 56491K, capacity 58835K, committed 59160K, reserved 1099776K
  class space    used 7700K, capacity 8207K, committed 8232K, reserved 1048576K
}
Event: 13.456 GC heap before
{Heap before GC invocations=14 (full 3):
 PSYoungGen      total 226304K, used 208384K [0x00000000d5580000, 0x00000000e6600000, 0x0000000100000000)
  eden space 208384K, 100% used [0x00000000d5580000,0x00000000e2100000,0x00000000e2100000)
  from space 17920K, 0% used [0x00000000e3500000,0x00000000e3500000,0x00000000e4680000)
  to   space 20480K, 0% used [0x00000000e2100000,0x00000000e2100000,0x00000000e3500000)
 ParOldGen       total 213504K, used 36163K [0x0000000080000000, 0x000000008d080000, 0x00000000d5580000)
  object space 213504K, 16% used [0x0000000080000000,0x0000000082350da0,0x000000008d080000)
 Metaspace       used 64192K, capacity 67567K, committed 67736K, reserved 1107968K
  class space    used 8872K, capacity 9516K, committed 9640K, reserved 1048576K
Event: 13.477 GC heap after
Heap after GC invocations=14 (full 3):
 PSYoungGen      total 228864K, used 17706K [0x00000000d5580000, 0x00000000e7200000, 0x0000000100000000)
  eden space 208384K, 0% used [0x00000000d5580000,0x00000000d5580000,0x00000000e2100000)
  from space 20480K, 86% used [0x00000000e2100000,0x00000000e324a960,0x00000000e3500000)
  to   space 22016K, 0% used [0x00000000e5c80000,0x00000000e5c80000,0x00000000e7200000)
 ParOldGen       total 213504K, used 36171K [0x0000000080000000, 0x000000008d080000, 0x00000000d5580000)
  object space 213504K, 16% used [0x0000000080000000,0x0000000082352da0,0x000000008d080000)
 Metaspace       used 64192K, capacity 67567K, committed 67736K, reserved 1107968K
  class space    used 8872K, capacity 9516K, committed 9640K, reserved 1048576K
}
Event: 15.269 GC heap before
{Heap before GC invocations=15 (full 3):
 PSYoungGen      total 228864K, used 226090K [0x00000000d5580000, 0x00000000e7200000, 0x0000000100000000)
  eden space 208384K, 100% used [0x00000000d5580000,0x00000000e2100000,0x00000000e2100000)
  from space 20480K, 86% used [0x00000000e2100000,0x00000000e324a960,0x00000000e3500000)
  to   space 22016K, 0% used [0x00000000e5c80000,0x00000000e5c80000,0x00000000e7200000)
 ParOldGen       total 213504K, used 36171K [0x0000000080000000, 0x000000008d080000, 0x00000000d5580000)
  object space 213504K, 16% used [0x0000000080000000,0x0000000082352da0,0x000000008d080000)
 Metaspace       used 66673K, capacity 70189K, committed 70296K, reserved 1110016K
  class space    used 9176K, capacity 9855K, committed 9896K, reserved 1048576K
Event: 15.287 GC heap after
Heap after GC invocations=15 (full 3):
 PSYoungGen      total 266240K, used 21989K [0x00000000d5580000, 0x00000000e7600000, 0x0000000100000000)
  eden space 244224K, 0% used [0x00000000d5580000,0x00000000d5580000,0x00000000e4400000)
  from space 22016K, 99% used [0x00000000e5c80000,0x00000000e71f9500,0x00000000e7200000)
  to   space 25088K, 0% used [0x00000000e4400000,0x00000000e4400000,0x00000000e5c80000)
 ParOldGen       total 213504K, used 36918K [0x0000000080000000, 0x000000008d080000, 0x00000000d5580000)
  object space 213504K, 17% used [0x0000000080000000,0x000000008240db50,0x000000008d080000)
 Metaspace       used 66673K, capacity 70189K, committed 70296K, reserved 1110016K
  class space    used 9176K, capacity 9855K, committed 9896K, reserved 1048576K
}
Event: 20.292 GC heap before
{Heap before GC invocations=16 (full 3):
 PSYoungGen      total 266240K, used 266213K [0x00000000d5580000, 0x00000000e7600000, 0x0000000100000000)
  eden space 244224K, 100% used [0x00000000d5580000,0x00000000e4400000,0x00000000e4400000)
  from space 22016K, 99% used [0x00000000e5c80000,0x00000000e71f9500,0x00000000e7200000)
  to   space 25088K, 0% used [0x00000000e4400000,0x00000000e4400000,0x00000000e5c80000)
 ParOldGen       total 213504K, used 36918K [0x0000000080000000, 0x000000008d080000, 0x00000000d5580000)
  object space 213504K, 17% used [0x0000000080000000,0x000000008240db50,0x000000008d080000)
 Metaspace       used 71871K, capacity 75617K, committed 75800K, reserved 1114112K
  class space    used 9781K, capacity 10499K, committed 10536K, reserved 1048576K
Event: 20.320 GC heap after
Heap after GC invocations=16 (full 3):
 PSYoungGen      total 269312K, used 25001K [0x00000000d5580000, 0x00000000ea180000, 0x0000000100000000)
  eden space 244224K, 0% used [0x00000000d5580000,0x00000000d5580000,0x00000000e4400000)
  from space 25088K, 99% used [0x00000000e4400000,0x00000000e5c6a6b0,0x00000000e5c80000)
  to   space 28672K, 0% used [0x00000000e8580000,0x00000000e8580000,0x00000000ea180000)
 ParOldGen       total 213504K, used 48834K [0x0000000080000000, 0x000000008d080000, 0x00000000d5580000)
  object space 213504K, 22% used [0x0000000080000000,0x0000000082fb0b30,0x000000008d080000)
 Metaspace       used 71871K, capacity 75617K, committed 75800K, reserved 1114112K
  class space    used 9781K, capacity 10499K, committed 10536K, reserved 1048576K
}
Event: 24.668 GC heap before
{Heap before GC invocations=17 (full 3):
 PSYoungGen      total 269312K, used 269225K [0x00000000d5580000, 0x00000000ea180000, 0x0000000100000000)
  eden space 244224K, 100% used [0x00000000d5580000,0x00000000e4400000,0x00000000e4400000)
  from space 25088K, 99% used [0x00000000e4400000,0x00000000e5c6a6b0,0x00000000e5c80000)
  to   space 28672K, 0% used [0x00000000e8580000,0x00000000e8580000,0x00000000ea180000)
 ParOldGen       total 213504K, used 48834K [0x0000000080000000, 0x000000008d080000, 0x00000000d5580000)
  object space 213504K, 22% used [0x0000000080000000,0x0000000082fb0b30,0x000000008d080000)
 Metaspace       used 86117K, capacity 91273K, committed 91544K, reserved 1128448K
  class space    used 11664K, capacity 12668K, committed 12712K, reserved 1048576K
Event: 24.717 GC heap after
Heap after GC invocations=17 (full 3):
 PSYoungGen      total 302592K, used 28656K [0x00000000d5580000, 0x00000000eb200000, 0x0000000100000000)
  eden space 273920K, 0% used [0x00000000d5580000,0x00000000d5580000,0x00000000e6100000)
  from space 28672K, 99% used [0x00000000e8580000,0x00000000ea17c2a0,0x00000000ea180000)
  to   space 37376K, 0% used [0x00000000e6100000,0x00000000e6100000,0x00000000e8580000)
 ParOldGen       total 213504K, used 62468K [0x0000000080000000, 0x000000008d080000, 0x00000000d5580000)
  object space 213504K, 29% used [0x0000000080000000,0x0000000083d01070,0x000000008d080000)
 Metaspace       used 86117K, capacity 91273K, committed 91544K, reserved 1128448K
  class space    used 11664K, capacity 12668K, committed 12712K, reserved 1048576K
}

