# JRE version: OpenJDK Runtime Environment (8.0_242-b01) (build 1.8.0_242-release-1644-b01)
# Java VM: OpenJDK 64-Bit Server VM (25.242-b01 mixed mode windows-amd64 compressed oops)
Heap:
 PSYoungGen      total 369664K, used 200561K [0x00000000d5580000, 0x00000000f4d80000, 0x0000000100000000)
  eden space 342016K, 50% used [0x00000000d5580000,0x00000000dfe5d808,0x00000000ea380000)
  from space 27648K, 99% used [0x00000000edd00000,0x00000000ef7fec20,0x00000000ef800000)
  to   space 58880K, 0% used [0x00000000ea380000,0x00000000ea380000,0x00000000edd00000)
 ParOldGen       total 220672K, used 113636K [0x0000000080000000, 0x000000008d780000, 0x00000000d5580000)
  object space 220672K, 51% used [0x0000000080000000,0x0000000086ef9220,0x000000008d780000)
 Metaspace       used 76747K, capacity 82436K, committed 82600K, reserved 1120256K
  class space    used 10783K, capacity 11872K, committed 11952K, reserved 1048576K
GC Heap History (10 events):
Event: 9.442 GC heap before
{Heap before GC invocations=9 (full 2):
 PSYoungGen      total 217088K, used 201216K [0x00000000d5580000, 0x00000000e3a00000, 0x0000000100000000)
  eden space 201216K, 100% used [0x00000000d5580000,0x00000000e1a00000,0x00000000e1a00000)
  from space 15872K, 0% used [0x00000000e2900000,0x00000000e2900000,0x00000000e3880000)
  to   space 15360K, 0% used [0x00000000e1a00000,0x00000000e1a00000,0x00000000e2900000)
 ParOldGen       total 145920K, used 14771K [0x0000000080000000, 0x0000000088e80000, 0x00000000d5580000)
  object space 145920K, 10% used [0x0000000080000000,0x0000000080e6cf10,0x0000000088e80000)
 Metaspace       used 44506K, capacity 46294K, committed 46504K, reserved 1089536K
  class space    used 6054K, capacity 6461K, committed 6576K, reserved 1048576K
Event: 9.462 GC heap after
Heap after GC invocations=9 (full 2):
 PSYoungGen      total 216576K, used 15339K [0x00000000d5580000, 0x00000000ea900000, 0x0000000100000000)
  eden space 201216K, 0% used [0x00000000d5580000,0x00000000d5580000,0x00000000e1a00000)
  from space 15360K, 99% used [0x00000000e1a00000,0x00000000e28faff8,0x00000000e2900000)
  to   space 17408K, 0% used [0x00000000e9800000,0x00000000e9800000,0x00000000ea900000)
 ParOldGen       total 145920K, used 14833K [0x0000000080000000, 0x0000000088e80000, 0x00000000d5580000)
  object space 145920K, 10% used [0x0000000080000000,0x0000000080e7c470,0x0000000088e80000)
 Metaspace       used 44506K, capacity 46294K, committed 46504K, reserved 1089536K
  class space    used 6054K, capacity 6461K, committed 6576K, reserved 1048576K
}
Event: 13.611 GC heap before
{Heap before GC invocations=10 (full 2):
 PSYoungGen      total 216576K, used 196477K [0x00000000d5580000, 0x00000000ea900000, 0x0000000100000000)
  eden space 201216K, 90% used [0x00000000d5580000,0x00000000e06645a8,0x00000000e1a00000)
  from space 15360K, 99% used [0x00000000e1a00000,0x00000000e28faff8,0x00000000e2900000)
  to   space 17408K, 0% used [0x00000000e9800000,0x00000000e9800000,0x00000000ea900000)
 ParOldGen       total 145920K, used 14833K [0x0000000080000000, 0x0000000088e80000, 0x00000000d5580000)
  object space 145920K, 10% used [0x0000000080000000,0x0000000080e7c470,0x0000000088e80000)
 Metaspace       used 56587K, capacity 59024K, committed 59160K, reserved 1099776K
  class space    used 7754K, capacity 8266K, committed 8368K, reserved 1048576K
Event: 13.629 GC heap after
Heap after GC invocations=10 (full 2):
 PSYoungGen      total 322048K, used 17380K [0x00000000d5580000, 0x00000000eae00000, 0x0000000100000000)
  eden space 304640K, 0% used [0x00000000d5580000,0x00000000d5580000,0x00000000e7f00000)
  from space 17408K, 99% used [0x00000000e9800000,0x00000000ea8f9310,0x00000000ea900000)
  to   space 24064K, 0% used [0x00000000e7f00000,0x00000000e7f00000,0x00000000e9680000)
 ParOldGen       total 145920K, used 25194K [0x0000000080000000, 0x0000000088e80000, 0x00000000d5580000)
  object space 145920K, 17% used [0x0000000080000000,0x000000008189a9e8,0x0000000088e80000)
 Metaspace       used 56587K, capacity 59024K, committed 59160K, reserved 1099776K
  class space    used 7754K, capacity 8266K, committed 8368K, reserved 1048576K
}
Event: 13.629 GC heap before
{Heap before GC invocations=11 (full 3):
 PSYoungGen      total 322048K, used 17380K [0x00000000d5580000, 0x00000000eae00000, 0x0000000100000000)
  eden space 304640K, 0% used [0x00000000d5580000,0x00000000d5580000,0x00000000e7f00000)
  from space 17408K, 99% used [0x00000000e9800000,0x00000000ea8f9310,0x00000000ea900000)
  to   space 24064K, 0% used [0x00000000e7f00000,0x00000000e7f00000,0x00000000e9680000)
 ParOldGen       total 145920K, used 25194K [0x0000000080000000, 0x0000000088e80000, 0x00000000d5580000)
  object space 145920K, 17% used [0x0000000080000000,0x000000008189a9e8,0x0000000088e80000)
 Metaspace       used 56587K, capacity 59024K, committed 59160K, reserved 1099776K
  class space    used 7754K, capacity 8266K, committed 8368K, reserved 1048576K
Event: 13.812 GC heap after
Heap after GC invocations=11 (full 3):
 PSYoungGen      total 322048K, used 0K [0x00000000d5580000, 0x00000000eae00000, 0x0000000100000000)
  eden space 304640K, 0% used [0x00000000d5580000,0x00000000d5580000,0x00000000e7f00000)
  from space 17408K, 0% used [0x00000000e9800000,0x00000000e9800000,0x00000000ea900000)
  to   space 24064K, 0% used [0x00000000e7f00000,0x00000000e7f00000,0x00000000e9680000)
 ParOldGen       total 220672K, used 39536K [0x0000000080000000, 0x000000008d780000, 0x00000000d5580000)
  object space 220672K, 17% used [0x0000000080000000,0x000000008269c338,0x000000008d780000)
 Metaspace       used 56548K, capacity 58892K, committed 59160K, reserved 1099776K
  class space    used 7742K, capacity 8244K, committed 8368K, reserved 1048576K
}
Event: 17.264 GC heap before
{Heap before GC invocations=12 (full 3):
 PSYoungGen      total 322048K, used 304640K [0x00000000d5580000, 0x00000000eae00000, 0x0000000100000000)
  eden space 304640K, 100% used [0x00000000d5580000,0x00000000e7f00000,0x00000000e7f00000)
  from space 17408K, 0% used [0x00000000e9800000,0x00000000e9800000,0x00000000ea900000)
  to   space 24064K, 0% used [0x00000000e7f00000,0x00000000e7f00000,0x00000000e9680000)
 ParOldGen       total 220672K, used 39536K [0x0000000080000000, 0x000000008d780000, 0x00000000d5580000)
  object space 220672K, 17% used [0x0000000080000000,0x000000008269c338,0x000000008d780000)
 Metaspace       used 64567K, capacity 67934K, committed 68264K, reserved 1107968K
  class space    used 8893K, capacity 9551K, committed 9648K, reserved 1048576K
Event: 17.281 GC heap after
Heap after GC invocations=12 (full 3):
 PSYoungGen      total 328704K, used 24008K [0x00000000d5580000, 0x00000000ef800000, 0x0000000100000000)
  eden space 304640K, 0% used [0x00000000d5580000,0x00000000d5580000,0x00000000e7f00000)
  from space 24064K, 99% used [0x00000000e7f00000,0x00000000e96723a8,0x00000000e9680000)
  to   space 27648K, 0% used [0x00000000edd00000,0x00000000edd00000,0x00000000ef800000)
 ParOldGen       total 220672K, used 39544K [0x0000000080000000, 0x000000008d780000, 0x00000000d5580000)
  object space 220672K, 17% used [0x0000000080000000,0x000000008269e338,0x000000008d780000)
 Metaspace       used 64567K, capacity 67934K, committed 68264K, reserved 1107968K
  class space    used 8893K, capacity 9551K, committed 9648K, reserved 1048576K
}
Event: 19.253 GC heap before
{Heap before GC invocations=13 (full 3):
 PSYoungGen      total 328704K, used 328648K [0x00000000d5580000, 0x00000000ef800000, 0x0000000100000000)
  eden space 304640K, 100% used [0x00000000d5580000,0x00000000e7f00000,0x00000000e7f00000)
  from space 24064K, 99% used [0x00000000e7f00000,0x00000000e96723a8,0x00000000e9680000)
  to   space 27648K, 0% used [0x00000000edd00000,0x00000000edd00000,0x00000000ef800000)
 ParOldGen       total 220672K, used 39544K [0x0000000080000000, 0x000000008d780000, 0x00000000d5580000)
  object space 220672K, 17% used [0x0000000080000000,0x000000008269e338,0x000000008d780000)
 Metaspace       used 74542K, capacity 79740K, committed 80040K, reserved 1118208K
  class space    used 10601K, capacity 11632K, committed 11696K, reserved 1048576K
Event: 19.320 GC heap after
Heap after GC invocations=13 (full 3):
 PSYoungGen      total 369664K, used 27643K [0x00000000d5580000, 0x00000000f4d80000, 0x0000000100000000)
  eden space 342016K, 0% used [0x00000000d5580000,0x00000000d5580000,0x00000000ea380000)
  from space 27648K, 99% used [0x00000000edd00000,0x00000000ef7fec20,0x00000000ef800000)
  to   space 58880K, 0% used [0x00000000ea380000,0x00000000ea380000,0x00000000edd00000)
 ParOldGen       total 220672K, used 113636K [0x0000000080000000, 0x000000008d780000, 0x00000000d5580000)
  object space 220672K, 51% used [0x0000000080000000,0x0000000086ef9220,0x000000008d780000)
 Metaspace       used 74542K, capacity 79740K, committed 80040K, reserved 1118208K
  class space    used 10601K, capacity 11632K, committed 11696K, reserved 1048576K
}

