# JRE version: OpenJDK Runtime Environment (8.0_242-b01) (build 1.8.0_242-release-1644-b01)
# Java VM: OpenJDK 64-Bit Server VM (25.242-b01 mixed mode windows-amd64 compressed oops)
Heap:
 PSYoungGen      total 176128K, used 175631K [0x00000000d5580000, 0x00000000e2500000, 0x0000000100000000)
  eden space 167936K, 100% used [0x00000000d5580000,0x00000000df980000,0x00000000df980000)
  from space 8192K, 93% used [0x00000000e1d00000,0x00000000e2483c10,0x00000000e2500000)
  to   space 11264K, 99% used [0x00000000e0f00000,0x00000000e19fd300,0x00000000e1a00000)
 ParOldGen       total 134144K, used 18715K [0x0000000080000000, 0x0000000088300000, 0x00000000d5580000)
  object space 134144K, 13% used [0x0000000080000000,0x0000000081246de8,0x0000000088300000)
 Metaspace       used 51429K, capacity 53474K, committed 53672K, reserved 1095680K
  class space    used 6872K, capacity 7321K, committed 7336K, reserved 1048576K
GC Heap History (10 events):
Event: 6.231 GC heap after
Heap after GC invocations=6 (full 1):
 PSYoungGen      total 75776K, used 8187K [0x00000000d5580000, 0x00000000dd800000, 0x0000000100000000)
  eden space 65024K, 0% used [0x00000000d5580000,0x00000000d5580000,0x00000000d9500000)
  from space 10752K, 76% used [0x00000000d9500000,0x00000000d9cfeeb8,0x00000000d9f80000)
  to   space 11776K, 0% used [0x00000000dcc80000,0x00000000dcc80000,0x00000000dd800000)
 ParOldGen       total 91136K, used 7296K [0x0000000080000000, 0x0000000085900000, 0x00000000d5580000)
  object space 91136K, 8% used [0x0000000080000000,0x00000000807203b8,0x0000000085900000)
 Metaspace       used 28601K, capacity 29406K, committed 29616K, reserved 1075200K
  class space    used 3938K, capacity 4155K, committed 4272K, reserved 1048576K
}
Event: 7.029 GC heap before
{Heap before GC invocations=7 (full 1):
 PSYoungGen      total 75776K, used 73211K [0x00000000d5580000, 0x00000000dd800000, 0x0000000100000000)
  eden space 65024K, 100% used [0x00000000d5580000,0x00000000d9500000,0x00000000d9500000)
  from space 10752K, 76% used [0x00000000d9500000,0x00000000d9cfeeb8,0x00000000d9f80000)
  to   space 11776K, 0% used [0x00000000dcc80000,0x00000000dcc80000,0x00000000dd800000)
 ParOldGen       total 91136K, used 7296K [0x0000000080000000, 0x0000000085900000, 0x00000000d5580000)
  object space 91136K, 8% used [0x0000000080000000,0x00000000807203b8,0x0000000085900000)
 Metaspace       used 32884K, capacity 33924K, committed 34224K, reserved 1079296K
  class space    used 4475K, capacity 4750K, committed 4784K, reserved 1048576K
Event: 7.038 GC heap after
Heap after GC invocations=7 (full 1):
 PSYoungGen      total 119808K, used 9341K [0x00000000d5580000, 0x00000000dd700000, 0x0000000100000000)
  eden space 109056K, 0% used [0x00000000d5580000,0x00000000d5580000,0x00000000dc000000)
  from space 10752K, 86% used [0x00000000dcc80000,0x00000000dd59f540,0x00000000dd700000)
  to   space 11776K, 0% used [0x00000000dc000000,0x00000000dc000000,0x00000000dcb80000)
 ParOldGen       total 91136K, used 7304K [0x0000000080000000, 0x0000000085900000, 0x00000000d5580000)
  object space 91136K, 8% used [0x0000000080000000,0x00000000807223b8,0x0000000085900000)
 Metaspace       used 32884K, capacity 33924K, committed 34224K, reserved 1079296K
  class space    used 4475K, capacity 4750K, committed 4784K, reserved 1048576K
}
Event: 7.271 GC heap before
{Heap before GC invocations=8 (full 1):
 PSYoungGen      total 119808K, used 36909K [0x00000000d5580000, 0x00000000dd700000, 0x0000000100000000)
  eden space 109056K, 25% used [0x00000000d5580000,0x00000000d706c060,0x00000000dc000000)
  from space 10752K, 86% used [0x00000000dcc80000,0x00000000dd59f540,0x00000000dd700000)
  to   space 11776K, 0% used [0x00000000dc000000,0x00000000dc000000,0x00000000dcb80000)
 ParOldGen       total 91136K, used 7304K [0x0000000080000000, 0x0000000085900000, 0x00000000d5580000)
  object space 91136K, 8% used [0x0000000080000000,0x00000000807223b8,0x0000000085900000)
 Metaspace       used 34219K, capacity 35380K, committed 35496K, reserved 1079296K
  class space    used 4687K, capacity 4969K, committed 5032K, reserved 1048576K
Event: 7.284 GC heap after
Heap after GC invocations=8 (full 1):
 PSYoungGen      total 120832K, used 7879K [0x00000000d5580000, 0x00000000e2880000, 0x0000000100000000)
  eden space 109056K, 0% used [0x00000000d5580000,0x00000000d5580000,0x00000000dc000000)
  from space 11776K, 66% used [0x00000000dc000000,0x00000000dc7b1ea0,0x00000000dcb80000)
  to   space 11776K, 0% used [0x00000000e1d00000,0x00000000e1d00000,0x00000000e2880000)
 ParOldGen       total 91136K, used 7312K [0x0000000080000000, 0x0000000085900000, 0x00000000d5580000)
  object space 91136K, 8% used [0x0000000080000000,0x00000000807243b8,0x0000000085900000)
 Metaspace       used 34219K, capacity 35380K, committed 35496K, reserved 1079296K
  class space    used 4687K, capacity 4969K, committed 5032K, reserved 1048576K
}
Event: 7.284 GC heap before
{Heap before GC invocations=9 (full 2):
 PSYoungGen      total 120832K, used 7879K [0x00000000d5580000, 0x00000000e2880000, 0x0000000100000000)
  eden space 109056K, 0% used [0x00000000d5580000,0x00000000d5580000,0x00000000dc000000)
  from space 11776K, 66% used [0x00000000dc000000,0x00000000dc7b1ea0,0x00000000dcb80000)
  to   space 11776K, 0% used [0x00000000e1d00000,0x00000000e1d00000,0x00000000e2880000)
 ParOldGen       total 91136K, used 7312K [0x0000000080000000, 0x0000000085900000, 0x00000000d5580000)
  object space 91136K, 8% used [0x0000000080000000,0x00000000807243b8,0x0000000085900000)
 Metaspace       used 34219K, capacity 35380K, committed 35496K, reserved 1079296K
  class space    used 4687K, capacity 4969K, committed 5032K, reserved 1048576K
Event: 7.346 GC heap after
Heap after GC invocations=9 (full 2):
 PSYoungGen      total 120832K, used 0K [0x00000000d5580000, 0x00000000e2880000, 0x0000000100000000)
  eden space 109056K, 0% used [0x00000000d5580000,0x00000000d5580000,0x00000000dc000000)
  from space 11776K, 0% used [0x00000000dc000000,0x00000000dc000000,0x00000000dcb80000)
  to   space 11776K, 0% used [0x00000000e1d00000,0x00000000e1d00000,0x00000000e2880000)
 ParOldGen       total 134144K, used 14281K [0x0000000080000000, 0x0000000088300000, 0x00000000d5580000)
  object space 134144K, 10% used [0x0000000080000000,0x0000000080df26c0,0x0000000088300000)
 Metaspace       used 34219K, capacity 35380K, committed 35496K, reserved 1079296K
  class space    used 4687K, capacity 4969K, committed 5032K, reserved 1048576K
}
Event: 8.205 GC heap before
{Heap before GC invocations=10 (full 2):
 PSYoungGen      total 120832K, used 109056K [0x00000000d5580000, 0x00000000e2880000, 0x0000000100000000)
  eden space 109056K, 100% used [0x00000000d5580000,0x00000000dc000000,0x00000000dc000000)
  from space 11776K, 0% used [0x00000000dc000000,0x00000000dc000000,0x00000000dcb80000)
  to   space 11776K, 0% used [0x00000000e1d00000,0x00000000e1d00000,0x00000000e2880000)
 ParOldGen       total 134144K, used 14281K [0x0000000080000000, 0x0000000088300000, 0x00000000d5580000)
  object space 134144K, 10% used [0x0000000080000000,0x0000000080df26c0,0x0000000088300000)
 Metaspace       used 36973K, capacity 38468K, committed 38696K, reserved 1083392K
  class space    used 5071K, capacity 5401K, committed 5416K, reserved 1048576K
Event: 8.217 GC heap after
Heap after GC invocations=10 (full 2):
 PSYoungGen      total 176128K, used 7695K [0x00000000d5580000, 0x00000000e2500000, 0x0000000100000000)
  eden space 167936K, 0% used [0x00000000d5580000,0x00000000d5580000,0x00000000df980000)
  from space 8192K, 93% used [0x00000000e1d00000,0x00000000e2483c10,0x00000000e2500000)
  to   space 11264K, 0% used [0x00000000e0f00000,0x00000000e0f00000,0x00000000e1a00000)
 ParOldGen       total 134144K, used 14289K [0x0000000080000000, 0x0000000088300000, 0x00000000d5580000)
  object space 134144K, 10% used [0x0000000080000000,0x0000000080df46c0,0x0000000088300000)
 Metaspace       used 36973K, capacity 38468K, committed 38696K, reserved 1083392K
  class space    used 5071K, capacity 5401K, committed 5416K, reserved 1048576K
}
Event: 10.921 GC heap before
{Heap before GC invocations=11 (full 2):
 PSYoungGen      total 176128K, used 175631K [0x00000000d5580000, 0x00000000e2500000, 0x0000000100000000)
  eden space 167936K, 100% used [0x00000000d5580000,0x00000000df980000,0x00000000df980000)
  from space 8192K, 93% used [0x00000000e1d00000,0x00000000e2483c10,0x00000000e2500000)
  to   space 11264K, 0% used [0x00000000e0f00000,0x00000000e0f00000,0x00000000e1a00000)
 ParOldGen       total 134144K, used 14289K [0x0000000080000000, 0x0000000088300000, 0x00000000d5580000)
  object space 134144K, 10% used [0x0000000080000000,0x0000000080df46c0,0x0000000088300000)
 Metaspace       used 51429K, capacity 53474K, committed 53672K, reserved 1095680K
  class space    used 6872K, capacity 7321K, committed 7336K, reserved 1048576K

