# JRE version: OpenJDK Runtime Environment (8.0_242-b01) (build 1.8.0_242-release-1644-b01)
# Java VM: OpenJDK 64-Bit Server VM (25.242-b01 mixed mode windows-amd64 compressed oops)
Heap:
 PSYoungGen      total 400384K, used 213106K [0x00000000d5580000, 0x00000000f7280000, 0x0000000100000000)
  eden space 348160K, 46% used [0x00000000d5580000,0x00000000df29d630,0x00000000ea980000)
  from space 52224K, 99% used [0x00000000ea980000,0x00000000edc7f2c8,0x00000000edc80000)
  to   space 68608K, 0% used [0x00000000f2f80000,0x00000000f2f80000,0x00000000f7280000)
 ParOldGen       total 223744K, used 114513K [0x0000000080000000, 0x000000008da80000, 0x00000000d5580000)
  object space 223744K, 51% used [0x0000000080000000,0x0000000086fd4510,0x000000008da80000)
 Metaspace       used 80819K, capacity 86251K, committed 86552K, reserved 1124352K
  class space    used 10962K, capacity 11984K, committed 12072K, reserved 1048576K
GC Heap History (10 events):
Event: 8.181 GC heap before
{Heap before GC invocations=10 (full 2):
 PSYoungGen      total 229376K, used 189122K [0x00000000d5580000, 0x00000000eae80000, 0x0000000100000000)
  eden space 214528K, 81% used [0x00000000d5580000,0x00000000dffb5fd0,0x00000000e2700000)
  from space 14848K, 99% used [0x00000000e2700000,0x00000000e357aa68,0x00000000e3580000)
  to   space 17920K, 0% used [0x00000000e9d00000,0x00000000e9d00000,0x00000000eae80000)
 ParOldGen       total 144896K, used 16230K [0x0000000080000000, 0x0000000088d80000, 0x00000000d5580000)
  object space 144896K, 11% used [0x0000000080000000,0x0000000080fd98c0,0x0000000088d80000)
 Metaspace       used 56692K, capacity 59021K, committed 59160K, reserved 1099776K
  class space    used 7737K, capacity 8232K, committed 8232K, reserved 1048576K
Event: 8.214 GC heap after
Heap after GC invocations=10 (full 2):
 PSYoungGen      total 328704K, used 17900K [0x00000000d5580000, 0x00000000eb880000, 0x0000000100000000)
  eden space 310784K, 0% used [0x00000000d5580000,0x00000000d5580000,0x00000000e8500000)
  from space 17920K, 99% used [0x00000000e9d00000,0x00000000eae7b330,0x00000000eae80000)
  to   space 24576K, 0% used [0x00000000e8500000,0x00000000e8500000,0x00000000e9d00000)
 ParOldGen       total 144896K, used 26272K [0x0000000080000000, 0x0000000088d80000, 0x00000000d5580000)
  object space 144896K, 18% used [0x0000000080000000,0x00000000819a8040,0x0000000088d80000)
 Metaspace       used 56692K, capacity 59021K, committed 59160K, reserved 1099776K
  class space    used 7737K, capacity 8232K, committed 8232K, reserved 1048576K
}
Event: 8.214 GC heap before
{Heap before GC invocations=11 (full 3):
 PSYoungGen      total 328704K, used 17900K [0x00000000d5580000, 0x00000000eb880000, 0x0000000100000000)
  eden space 310784K, 0% used [0x00000000d5580000,0x00000000d5580000,0x00000000e8500000)
  from space 17920K, 99% used [0x00000000e9d00000,0x00000000eae7b330,0x00000000eae80000)
  to   space 24576K, 0% used [0x00000000e8500000,0x00000000e8500000,0x00000000e9d00000)
 ParOldGen       total 144896K, used 26272K [0x0000000080000000, 0x0000000088d80000, 0x00000000d5580000)
  object space 144896K, 18% used [0x0000000080000000,0x00000000819a8040,0x0000000088d80000)
 Metaspace       used 56692K, capacity 59021K, committed 59160K, reserved 1099776K
  class space    used 7737K, capacity 8232K, committed 8232K, reserved 1048576K
Event: 8.462 GC heap after
Heap after GC invocations=11 (full 3):
 PSYoungGen      total 328704K, used 0K [0x00000000d5580000, 0x00000000eb880000, 0x0000000100000000)
  eden space 310784K, 0% used [0x00000000d5580000,0x00000000d5580000,0x00000000e8500000)
  from space 17920K, 0% used [0x00000000e9d00000,0x00000000e9d00000,0x00000000eae80000)
  to   space 24576K, 0% used [0x00000000e8500000,0x00000000e8500000,0x00000000e9d00000)
 ParOldGen       total 223744K, used 39712K [0x0000000080000000, 0x000000008da80000, 0x00000000d5580000)
  object space 223744K, 17% used [0x0000000080000000,0x00000000826c83c0,0x000000008da80000)
 Metaspace       used 56660K, capacity 58913K, committed 59160K, reserved 1099776K
  class space    used 7727K, capacity 8214K, committed 8232K, reserved 1048576K
}
Event: 11.573 GC heap before
{Heap before GC invocations=12 (full 3):
 PSYoungGen      total 328704K, used 310784K [0x00000000d5580000, 0x00000000eb880000, 0x0000000100000000)
  eden space 310784K, 100% used [0x00000000d5580000,0x00000000e8500000,0x00000000e8500000)
  from space 17920K, 0% used [0x00000000e9d00000,0x00000000e9d00000,0x00000000eae80000)
  to   space 24576K, 0% used [0x00000000e8500000,0x00000000e8500000,0x00000000e9d00000)
 ParOldGen       total 223744K, used 39712K [0x0000000080000000, 0x000000008da80000, 0x00000000d5580000)
  object space 223744K, 17% used [0x0000000080000000,0x00000000826c83c0,0x000000008da80000)
 Metaspace       used 64847K, capacity 68113K, committed 68248K, reserved 1107968K
  class space    used 8905K, capacity 9537K, committed 9640K, reserved 1048576K
Event: 11.605 GC heap after
Heap after GC invocations=12 (full 3):
 PSYoungGen      total 335360K, used 24221K [0x00000000d5580000, 0x00000000ef800000, 0x0000000100000000)
  eden space 310784K, 0% used [0x00000000d5580000,0x00000000d5580000,0x00000000e8500000)
  from space 24576K, 98% used [0x00000000e8500000,0x00000000e9ca7448,0x00000000e9d00000)
  to   space 28160K, 0% used [0x00000000edc80000,0x00000000edc80000,0x00000000ef800000)
 ParOldGen       total 223744K, used 39720K [0x0000000080000000, 0x000000008da80000, 0x00000000d5580000)
  object space 223744K, 17% used [0x0000000080000000,0x00000000826ca3c0,0x000000008da80000)
 Metaspace       used 64847K, capacity 68113K, committed 68248K, reserved 1107968K
  class space    used 8905K, capacity 9537K, committed 9640K, reserved 1048576K
}
Event: 13.608 GC heap before
{Heap before GC invocations=13 (full 3):
 PSYoungGen      total 335360K, used 335005K [0x00000000d5580000, 0x00000000ef800000, 0x0000000100000000)
  eden space 310784K, 100% used [0x00000000d5580000,0x00000000e8500000,0x00000000e8500000)
  from space 24576K, 98% used [0x00000000e8500000,0x00000000e9ca7448,0x00000000e9d00000)
  to   space 28160K, 0% used [0x00000000edc80000,0x00000000edc80000,0x00000000ef800000)
 ParOldGen       total 223744K, used 39720K [0x0000000080000000, 0x000000008da80000, 0x00000000d5580000)
  object space 223744K, 17% used [0x0000000080000000,0x00000000826ca3c0,0x000000008da80000)
 Metaspace       used 75326K, capacity 80301K, committed 80536K, reserved 1118208K
  class space    used 10588K, capacity 11571K, committed 11688K, reserved 1048576K
Event: 13.685 GC heap after
Heap after GC invocations=13 (full 3):
 PSYoungGen      total 376320K, used 28155K [0x00000000d5580000, 0x00000000f3080000, 0x0000000100000000)
  eden space 348160K, 0% used [0x00000000d5580000,0x00000000d5580000,0x00000000ea980000)
  from space 28160K, 99% used [0x00000000edc80000,0x00000000ef7feee8,0x00000000ef800000)
  to   space 52224K, 0% used [0x00000000ea980000,0x00000000ea980000,0x00000000edc80000)
 ParOldGen       total 223744K, used 94394K [0x0000000080000000, 0x000000008da80000, 0x00000000d5580000)
  object space 223744K, 42% used [0x0000000080000000,0x0000000085c2eb60,0x000000008da80000)
 Metaspace       used 75326K, capacity 80301K, committed 80536K, reserved 1118208K
  class space    used 10588K, capacity 11571K, committed 11688K, reserved 1048576K
}
Event: 31.280 GC heap before
{Heap before GC invocations=14 (full 3):
 PSYoungGen      total 376320K, used 376315K [0x00000000d5580000, 0x00000000f3080000, 0x0000000100000000)
  eden space 348160K, 100% used [0x00000000d5580000,0x00000000ea980000,0x00000000ea980000)
  from space 28160K, 99% used [0x00000000edc80000,0x00000000ef7feee8,0x00000000ef800000)
  to   space 52224K, 0% used [0x00000000ea980000,0x00000000ea980000,0x00000000edc80000)
 ParOldGen       total 223744K, used 94394K [0x0000000080000000, 0x000000008da80000, 0x00000000d5580000)
  object space 223744K, 42% used [0x0000000080000000,0x0000000085c2eb60,0x000000008da80000)
 Metaspace       used 80393K, capacity 85837K, committed 86040K, reserved 1124352K
  class space    used 10954K, capacity 11971K, committed 12072K, reserved 1048576K
Event: 31.345 GC heap after
Heap after GC invocations=14 (full 3):
 PSYoungGen      total 400384K, used 52220K [0x00000000d5580000, 0x00000000f7280000, 0x0000000100000000)
  eden space 348160K, 0% used [0x00000000d5580000,0x00000000d5580000,0x00000000ea980000)
  from space 52224K, 99% used [0x00000000ea980000,0x00000000edc7f2c8,0x00000000edc80000)
  to   space 68608K, 0% used [0x00000000f2f80000,0x00000000f2f80000,0x00000000f7280000)
 ParOldGen       total 223744K, used 114513K [0x0000000080000000, 0x000000008da80000, 0x00000000d5580000)
  object space 223744K, 51% used [0x0000000080000000,0x0000000086fd4510,0x000000008da80000)
 Metaspace       used 80393K, capacity 85837K, committed 86040K, reserved 1124352K
  class space    used 10954K, capacity 11971K, committed 12072K, reserved 1048576K
}

