# JRE version: OpenJDK Runtime Environment (8.0_242-b01) (build 1.8.0_242-release-1644-b01)
# Java VM: OpenJDK 64-Bit Server VM (25.242-b01 mixed mode windows-amd64 compressed oops)
Heap:
 PSYoungGen      total 360448K, used 344690K [0x00000000d5580000, 0x00000000f1680000, 0x0000000100000000)
  eden space 300032K, 100% used [0x00000000d5580000,0x00000000e7a80000,0x00000000e7a80000)
  from space 60416K, 73% used [0x00000000e7a80000,0x00000000ea61c8c8,0x00000000eb580000)
  to   space 64512K, 99% used [0x00000000ed780000,0x00000000f167bc50,0x00000000f1680000)
 ParOldGen       total 208384K, used 193878K [0x0000000080000000, 0x000000008cb80000, 0x00000000d5580000)
  object space 208384K, 93% used [0x0000000080000000,0x000000008bd5f948,0x000000008cb80000)
 Metaspace       used 90373K, capacity 96031K, committed 96152K, reserved 1132544K
  class space    used 11894K, capacity 12942K, committed 12968K, reserved 1048576K
GC Heap History (10 events):
Event: 321.215 GC heap after
Heap after GC invocations=16 (full 3):
 PSYoungGen      total 273920K, used 25623K [0x00000000d5580000, 0x00000000ea580000, 0x0000000100000000)
  eden space 247296K, 0% used [0x00000000d5580000,0x00000000d5580000,0x00000000e4700000)
  from space 26624K, 96% used [0x00000000e4700000,0x00000000e6005f80,0x00000000e6100000)
  to   space 29696K, 0% used [0x00000000e8880000,0x00000000e8880000,0x00000000ea580000)
 ParOldGen       total 208384K, used 50857K [0x0000000080000000, 0x000000008cb80000, 0x00000000d5580000)
  object space 208384K, 24% used [0x0000000080000000,0x00000000831aa6f0,0x000000008cb80000)
 Metaspace       used 74218K, capacity 77935K, committed 77976K, reserved 1116160K
  class space    used 9888K, capacity 10626K, committed 10664K, reserved 1048576K
}
Event: 324.053 GC heap before
{Heap before GC invocations=17 (full 3):
 PSYoungGen      total 273920K, used 272919K [0x00000000d5580000, 0x00000000ea580000, 0x0000000100000000)
  eden space 247296K, 100% used [0x00000000d5580000,0x00000000e4700000,0x00000000e4700000)
  from space 26624K, 96% used [0x00000000e4700000,0x00000000e6005f80,0x00000000e6100000)
  to   space 29696K, 0% used [0x00000000e8880000,0x00000000e8880000,0x00000000ea580000)
 ParOldGen       total 208384K, used 50857K [0x0000000080000000, 0x000000008cb80000, 0x00000000d5580000)
  object space 208384K, 24% used [0x0000000080000000,0x00000000831aa6f0,0x000000008cb80000)
 Metaspace       used 78801K, capacity 82839K, committed 83096K, reserved 1120256K
  class space    used 10615K, capacity 11380K, committed 11432K, reserved 1048576K
Event: 324.145 GC heap after
Heap after GC invocations=17 (full 3):
 PSYoungGen      total 286720K, used 29671K [0x00000000d5580000, 0x00000000ee580000, 0x0000000100000000)
  eden space 257024K, 0% used [0x00000000d5580000,0x00000000d5580000,0x00000000e5080000)
  from space 29696K, 99% used [0x00000000e8880000,0x00000000ea579d60,0x00000000ea580000)
  to   space 57344K, 0% used [0x00000000e5080000,0x00000000e5080000,0x00000000e8880000)
 ParOldGen       total 208384K, used 114026K [0x0000000080000000, 0x000000008cb80000, 0x00000000d5580000)
  object space 208384K, 54% used [0x0000000080000000,0x0000000086f5ab90,0x000000008cb80000)
 Metaspace       used 78801K, capacity 82839K, committed 83096K, reserved 1120256K
  class space    used 10615K, capacity 11380K, committed 11432K, reserved 1048576K
}
Event: 326.876 GC heap before
{Heap before GC invocations=18 (full 3):
 PSYoungGen      total 286720K, used 286695K [0x00000000d5580000, 0x00000000ee580000, 0x0000000100000000)
  eden space 257024K, 100% used [0x00000000d5580000,0x00000000e5080000,0x00000000e5080000)
  from space 29696K, 99% used [0x00000000e8880000,0x00000000ea579d60,0x00000000ea580000)
  to   space 57344K, 0% used [0x00000000e5080000,0x00000000e5080000,0x00000000e8880000)
 ParOldGen       total 208384K, used 114026K [0x0000000080000000, 0x000000008cb80000, 0x00000000d5580000)
  object space 208384K, 54% used [0x0000000080000000,0x0000000086f5ab90,0x000000008cb80000)
 Metaspace       used 85762K, capacity 90823K, committed 91160K, reserved 1128448K
  class space    used 11518K, capacity 12496K, committed 12584K, reserved 1048576K
Event: 326.932 GC heap after
Heap after GC invocations=18 (full 3):
 PSYoungGen      total 314368K, used 42240K [0x00000000d5580000, 0x00000000efa80000, 0x0000000100000000)
  eden space 257024K, 0% used [0x00000000d5580000,0x00000000d5580000,0x00000000e5080000)
  from space 57344K, 73% used [0x00000000e5080000,0x00000000e79c0390,0x00000000e8880000)
  to   space 61440K, 0% used [0x00000000ebe80000,0x00000000ebe80000,0x00000000efa80000)
 ParOldGen       total 208384K, used 130428K [0x0000000080000000, 0x000000008cb80000, 0x00000000d5580000)
  object space 208384K, 62% used [0x0000000080000000,0x0000000087f5f280,0x000000008cb80000)
 Metaspace       used 85762K, capacity 90823K, committed 91160K, reserved 1128448K
  class space    used 11518K, capacity 12496K, committed 12584K, reserved 1048576K
}
Event: 355.231 GC heap before
{Heap before GC invocations=19 (full 3):
 PSYoungGen      total 314368K, used 299264K [0x00000000d5580000, 0x00000000efa80000, 0x0000000100000000)
  eden space 257024K, 100% used [0x00000000d5580000,0x00000000e5080000,0x00000000e5080000)
  from space 57344K, 73% used [0x00000000e5080000,0x00000000e79c0390,0x00000000e8880000)
  to   space 61440K, 0% used [0x00000000ebe80000,0x00000000ebe80000,0x00000000efa80000)
 ParOldGen       total 208384K, used 130428K [0x0000000080000000, 0x000000008cb80000, 0x00000000d5580000)
  object space 208384K, 62% used [0x0000000080000000,0x0000000087f5f280,0x000000008cb80000)
 Metaspace       used 88265K, capacity 93683K, committed 93976K, reserved 1130496K
  class space    used 11719K, capacity 12732K, committed 12840K, reserved 1048576K
Event: 355.270 GC heap after
Heap after GC invocations=19 (full 3):
 PSYoungGen      total 351232K, used 32485K [0x00000000d5580000, 0x00000000ef080000, 0x0000000100000000)
  eden space 300032K, 0% used [0x00000000d5580000,0x00000000d5580000,0x00000000e7a80000)
  from space 51200K, 63% used [0x00000000ebe80000,0x00000000ede395c8,0x00000000ef080000)
  to   space 60416K, 0% used [0x00000000e7a80000,0x00000000e7a80000,0x00000000eb580000)
 ParOldGen       total 208384K, used 130436K [0x0000000080000000, 0x000000008cb80000, 0x00000000d5580000)
  object space 208384K, 62% used [0x0000000080000000,0x0000000087f61280,0x000000008cb80000)
 Metaspace       used 88265K, capacity 93683K, committed 93976K, reserved 1130496K
  class space    used 11719K, capacity 12732K, committed 12840K, reserved 1048576K
}
Event: 364.910 GC heap before
{Heap before GC invocations=20 (full 3):
 PSYoungGen      total 351232K, used 332517K [0x00000000d5580000, 0x00000000ef080000, 0x0000000100000000)
  eden space 300032K, 100% used [0x00000000d5580000,0x00000000e7a80000,0x00000000e7a80000)
  from space 51200K, 63% used [0x00000000ebe80000,0x00000000ede395c8,0x00000000ef080000)
  to   space 60416K, 0% used [0x00000000e7a80000,0x00000000e7a80000,0x00000000eb580000)
 ParOldGen       total 208384K, used 130436K [0x0000000080000000, 0x000000008cb80000, 0x00000000d5580000)
  object space 208384K, 62% used [0x0000000080000000,0x0000000087f61280,0x000000008cb80000)
 Metaspace       used 89489K, capacity 95087K, committed 95256K, reserved 1132544K
  class space    used 11800K, capacity 12810K, committed 12840K, reserved 1048576K
Event: 364.984 GC heap after
Heap after GC invocations=20 (full 3):
 PSYoungGen      total 360448K, used 44658K [0x00000000d5580000, 0x00000000f1680000, 0x0000000100000000)
  eden space 300032K, 0% used [0x00000000d5580000,0x00000000d5580000,0x00000000e7a80000)
  from space 60416K, 73% used [0x00000000e7a80000,0x00000000ea61c8c8,0x00000000eb580000)
  to   space 64512K, 0% used [0x00000000ed780000,0x00000000ed780000,0x00000000f1680000)
 ParOldGen       total 208384K, used 130444K [0x0000000080000000, 0x000000008cb80000, 0x00000000d5580000)
  object space 208384K, 62% used [0x0000000080000000,0x0000000087f63280,0x000000008cb80000)
 Metaspace       used 89489K, capacity 95087K, committed 95256K, reserved 1132544K
  class space    used 11800K, capacity 12810K, committed 12840K, reserved 1048576K
}
Event: 367.602 GC heap before
{Heap before GC invocations=21 (full 3):
 PSYoungGen      total 360448K, used 344690K [0x00000000d5580000, 0x00000000f1680000, 0x0000000100000000)
  eden space 300032K, 100% used [0x00000000d5580000,0x00000000e7a80000,0x00000000e7a80000)
  from space 60416K, 73% used [0x00000000e7a80000,0x00000000ea61c8c8,0x00000000eb580000)
  to   space 64512K, 0% used [0x00000000ed780000,0x00000000ed780000,0x00000000f1680000)
 ParOldGen       total 208384K, used 130444K [0x0000000080000000, 0x000000008cb80000, 0x00000000d5580000)
  object space 208384K, 62% used [0x0000000080000000,0x0000000087f63280,0x000000008cb80000)
 Metaspace       used 90373K, capacity 96031K, committed 96152K, reserved 1132544K
  class space    used 11894K, capacity 12942K, committed 12968K, reserved 1048576K

