# JRE version: OpenJDK Runtime Environment (8.0_242-b01) (build 1.8.0_242-release-1644-b01)
# Java VM: OpenJDK 64-Bit Server VM (25.242-b01 mixed mode windows-amd64 compressed oops)
Heap:
 PSYoungGen      total 402944K, used 402934K [0x00000000d5580000, 0x00000000f9300000, 0x0000000100000000)
  eden space 334336K, 100% used [0x00000000d5580000,0x00000000e9c00000,0x00000000e9c00000)
  from space 68608K, 99% used [0x00000000e9c00000,0x00000000edefd950,0x00000000edf00000)
  to   space 96768K, 58% used [0x00000000f3480000,0x00000000f6c226f8,0x00000000f9300000)
 ParOldGen       total 344576K, used 187621K [0x0000000080000000, 0x0000000095080000, 0x00000000d5580000)
  object space 344576K, 54% used [0x0000000080000000,0x000000008b739640,0x0000000095080000)
 Metaspace       used 99325K, capacity 105726K, committed 106008K, reserved 1140736K
  class space    used 12593K, capacity 13738K, committed 13864K, reserved 1048576K
GC Heap History (10 events):
Event: 2182.100 GC heap after
Heap after GC invocations=33 (full 4):
 PSYoungGen      total 305152K, used 32245K [0x00000000d5580000, 0x00000000ee800000, 0x0000000100000000)
  eden space 272896K, 0% used [0x00000000d5580000,0x00000000d5580000,0x00000000e6000000)
  from space 32256K, 99% used [0x00000000e6000000,0x00000000e7f7d450,0x00000000e7f80000)
  to   space 52736K, 0% used [0x00000000eb480000,0x00000000eb480000,0x00000000ee800000)
 ParOldGen       total 344576K, used 127632K [0x0000000080000000, 0x0000000095080000, 0x00000000d5580000)
  object space 344576K, 37% used [0x0000000080000000,0x0000000087ca41b0,0x0000000095080000)
 Metaspace       used 98570K, capacity 104928K, committed 105112K, reserved 1140736K
  class space    used 12587K, capacity 13705K, committed 13736K, reserved 1048576K
}
Event: 2183.430 GC heap before
{Heap before GC invocations=34 (full 4):
 PSYoungGen      total 305152K, used 305141K [0x00000000d5580000, 0x00000000ee800000, 0x0000000100000000)
  eden space 272896K, 100% used [0x00000000d5580000,0x00000000e6000000,0x00000000e6000000)
  from space 32256K, 99% used [0x00000000e6000000,0x00000000e7f7d450,0x00000000e7f80000)
  to   space 52736K, 0% used [0x00000000eb480000,0x00000000eb480000,0x00000000ee800000)
 ParOldGen       total 344576K, used 127632K [0x0000000080000000, 0x0000000095080000, 0x00000000d5580000)
  object space 344576K, 37% used [0x0000000080000000,0x0000000087ca41b0,0x0000000095080000)
 Metaspace       used 98651K, capacity 104992K, committed 105112K, reserved 1140736K
  class space    used 12587K, capacity 13705K, committed 13736K, reserved 1048576K
Event: 2183.497 GC heap after
Heap after GC invocations=34 (full 4):
 PSYoungGen      total 347136K, used 52716K [0x00000000d5580000, 0x00000000f0e00000, 0x0000000100000000)
  eden space 294400K, 0% used [0x00000000d5580000,0x00000000d5580000,0x00000000e7500000)
  from space 52736K, 99% used [0x00000000eb480000,0x00000000ee7fb1e0,0x00000000ee800000)
  to   space 65024K, 0% used [0x00000000e7500000,0x00000000e7500000,0x00000000eb480000)
 ParOldGen       total 344576K, used 139976K [0x0000000080000000, 0x0000000095080000, 0x00000000d5580000)
  object space 344576K, 40% used [0x0000000080000000,0x00000000888b2248,0x0000000095080000)
 Metaspace       used 98651K, capacity 104992K, committed 105112K, reserved 1140736K
  class space    used 12587K, capacity 13705K, committed 13736K, reserved 1048576K
}
Event: 2438.663 GC heap before
{Heap before GC invocations=35 (full 4):
 PSYoungGen      total 347136K, used 347116K [0x00000000d5580000, 0x00000000f0e00000, 0x0000000100000000)
  eden space 294400K, 100% used [0x00000000d5580000,0x00000000e7500000,0x00000000e7500000)
  from space 52736K, 99% used [0x00000000eb480000,0x00000000ee7fb1e0,0x00000000ee800000)
  to   space 65024K, 0% used [0x00000000e7500000,0x00000000e7500000,0x00000000eb480000)
 ParOldGen       total 344576K, used 139976K [0x0000000080000000, 0x0000000095080000, 0x00000000d5580000)
  object space 344576K, 40% used [0x0000000080000000,0x00000000888b2248,0x0000000095080000)
 Metaspace       used 98843K, capacity 105144K, committed 105368K, reserved 1140736K
  class space    used 12591K, capacity 13705K, committed 13736K, reserved 1048576K
Event: 2438.695 GC heap after
Heap after GC invocations=35 (full 4):
 PSYoungGen      total 359424K, used 32042K [0x00000000d5580000, 0x00000000f1c80000, 0x0000000100000000)
  eden space 294400K, 0% used [0x00000000d5580000,0x00000000d5580000,0x00000000e7500000)
  from space 65024K, 49% used [0x00000000e7500000,0x00000000e944ab38,0x00000000eb480000)
  to   space 62976K, 0% used [0x00000000edf00000,0x00000000edf00000,0x00000000f1c80000)
 ParOldGen       total 344576K, used 139984K [0x0000000080000000, 0x0000000095080000, 0x00000000d5580000)
  object space 344576K, 40% used [0x0000000080000000,0x00000000888b4248,0x0000000095080000)
 Metaspace       used 98843K, capacity 105144K, committed 105368K, reserved 1140736K
  class space    used 12591K, capacity 13705K, committed 13736K, reserved 1048576K
}
Event: 2441.199 GC heap before
{Heap before GC invocations=36 (full 4):
 PSYoungGen      total 359424K, used 326442K [0x00000000d5580000, 0x00000000f1c80000, 0x0000000100000000)
  eden space 294400K, 100% used [0x00000000d5580000,0x00000000e7500000,0x00000000e7500000)
  from space 65024K, 49% used [0x00000000e7500000,0x00000000e944ab38,0x00000000eb480000)
  to   space 62976K, 0% used [0x00000000edf00000,0x00000000edf00000,0x00000000f1c80000)
 ParOldGen       total 344576K, used 139984K [0x0000000080000000, 0x0000000095080000, 0x00000000d5580000)
  object space 344576K, 40% used [0x0000000080000000,0x00000000888b4248,0x0000000095080000)
 Metaspace       used 99030K, capacity 105446K, committed 105752K, reserved 1140736K
  class space    used 12593K, capacity 13738K, committed 13864K, reserved 1048576K
Event: 2441.238 GC heap after
Heap after GC invocations=36 (full 4):
 PSYoungGen      total 397312K, used 52462K [0x00000000d5580000, 0x00000000f2800000, 0x0000000100000000)
  eden space 334336K, 0% used [0x00000000d5580000,0x00000000d5580000,0x00000000e9c00000)
  from space 62976K, 83% used [0x00000000edf00000,0x00000000f123b850,0x00000000f1c80000)
  to   space 68608K, 0% used [0x00000000e9c00000,0x00000000e9c00000,0x00000000edf00000)
 ParOldGen       total 344576K, used 139992K [0x0000000080000000, 0x0000000095080000, 0x00000000d5580000)
  object space 344576K, 40% used [0x0000000080000000,0x00000000888b6248,0x0000000095080000)
 Metaspace       used 99030K, capacity 105446K, committed 105752K, reserved 1140736K
  class space    used 12593K, capacity 13738K, committed 13864K, reserved 1048576K
}
Event: 2442.409 GC heap before
{Heap before GC invocations=37 (full 4):
 PSYoungGen      total 397312K, used 386798K [0x00000000d5580000, 0x00000000f2800000, 0x0000000100000000)
  eden space 334336K, 100% used [0x00000000d5580000,0x00000000e9c00000,0x00000000e9c00000)
  from space 62976K, 83% used [0x00000000edf00000,0x00000000f123b850,0x00000000f1c80000)
  to   space 68608K, 0% used [0x00000000e9c00000,0x00000000e9c00000,0x00000000edf00000)
 ParOldGen       total 344576K, used 139992K [0x0000000080000000, 0x0000000095080000, 0x00000000d5580000)
  object space 344576K, 40% used [0x0000000080000000,0x00000000888b6248,0x0000000095080000)
 Metaspace       used 99151K, capacity 105514K, committed 105752K, reserved 1140736K
  class space    used 12593K, capacity 13738K, committed 13864K, reserved 1048576K
Event: 2442.520 GC heap after
Heap after GC invocations=37 (full 4):
 PSYoungGen      total 402944K, used 68598K [0x00000000d5580000, 0x00000000f9300000, 0x0000000100000000)
  eden space 334336K, 0% used [0x00000000d5580000,0x00000000d5580000,0x00000000e9c00000)
  from space 68608K, 99% used [0x00000000e9c00000,0x00000000edefd950,0x00000000edf00000)
  to   space 96768K, 0% used [0x00000000f3480000,0x00000000f3480000,0x00000000f9300000)
 ParOldGen       total 344576K, used 187269K [0x0000000080000000, 0x0000000095080000, 0x00000000d5580000)
  object space 344576K, 54% used [0x0000000080000000,0x000000008b6e1600,0x0000000095080000)
 Metaspace       used 99151K, capacity 105514K, committed 105752K, reserved 1140736K
  class space    used 12593K, capacity 13738K, committed 13864K, reserved 1048576K
}
Event: 2444.150 GC heap before
{Heap before GC invocations=38 (full 4):
 PSYoungGen      total 402944K, used 402934K [0x00000000d5580000, 0x00000000f9300000, 0x0000000100000000)
  eden space 334336K, 100% used [0x00000000d5580000,0x00000000e9c00000,0x00000000e9c00000)
  from space 68608K, 99% used [0x00000000e9c00000,0x00000000edefd950,0x00000000edf00000)
  to   space 96768K, 0% used [0x00000000f3480000,0x00000000f3480000,0x00000000f9300000)
 ParOldGen       total 344576K, used 187269K [0x0000000080000000, 0x0000000095080000, 0x00000000d5580000)
  object space 344576K, 54% used [0x0000000080000000,0x000000008b6e1600,0x0000000095080000)
 Metaspace       used 99325K, capacity 105726K, committed 106008K, reserved 1140736K
  class space    used 12593K, capacity 13738K, committed 13864K, reserved 1048576K

