# JRE version: OpenJDK Runtime Environment (8.0_242-b01) (build 1.8.0_242-release-1644-b01)
# Java VM: OpenJDK 64-Bit Server VM (25.242-b01 mixed mode windows-amd64 compressed oops)
Heap:
 PSYoungGen      total 204800K, used 58346K [0x00000000d5580000, 0x00000000e3e80000, 0x0000000100000000)
  eden space 193024K, 24% used [0x00000000d5580000,0x00000000d82fd720,0x00000000e1200000)
  from space 11776K, 99% used [0x00000000e1200000,0x00000000e1d7d300,0x00000000e1d80000)
  to   space 17920K, 0% used [0x00000000e2d00000,0x00000000e2d00000,0x00000000e3e80000)
 ParOldGen       total 138240K, used 26757K [0x0000000080000000, 0x0000000088700000, 0x00000000d5580000)
  object space 138240K, 19% used [0x0000000080000000,0x0000000081a216e8,0x0000000088700000)
 Metaspace       used 54970K, capacity 57340K, committed 57512K, reserved 1099776K
  class space    used 7481K, capacity 7991K, committed 8104K, reserved 1048576K
GC Heap History (10 events):
Event: 5.291 GC heap before
{Heap before GC invocations=7 (full 1):
 PSYoungGen      total 75776K, used 73208K [0x00000000d5580000, 0x00000000dda00000, 0x0000000100000000)
  eden space 65024K, 100% used [0x00000000d5580000,0x00000000d9500000,0x00000000d9500000)
  from space 10752K, 76% used [0x00000000d9500000,0x00000000d9cfe118,0x00000000d9f80000)
  to   space 11776K, 0% used [0x00000000dce80000,0x00000000dce80000,0x00000000dda00000)
 ParOldGen       total 89600K, used 7192K [0x0000000080000000, 0x0000000085780000, 0x00000000d5580000)
  object space 89600K, 8% used [0x0000000080000000,0x00000000807063d8,0x0000000085780000)
 Metaspace       used 32867K, capacity 33888K, committed 34224K, reserved 1079296K
  class space    used 4469K, capacity 4718K, committed 4784K, reserved 1048576K
Event: 5.302 GC heap after
Heap after GC invocations=7 (full 1):
 PSYoungGen      total 122880K, used 9252K [0x00000000d5580000, 0x00000000dd980000, 0x0000000100000000)
  eden space 111616K, 0% used [0x00000000d5580000,0x00000000d5580000,0x00000000dc280000)
  from space 11264K, 82% used [0x00000000dce80000,0x00000000dd789020,0x00000000dd980000)
  to   space 11776K, 0% used [0x00000000dc280000,0x00000000dc280000,0x00000000dce00000)
 ParOldGen       total 89600K, used 7200K [0x0000000080000000, 0x0000000085780000, 0x00000000d5580000)
  object space 89600K, 8% used [0x0000000080000000,0x00000000807083d8,0x0000000085780000)
 Metaspace       used 32867K, capacity 33888K, committed 34224K, reserved 1079296K
  class space    used 4469K, capacity 4718K, committed 4784K, reserved 1048576K
}
Event: 5.535 GC heap before
{Heap before GC invocations=8 (full 1):
 PSYoungGen      total 122880K, used 37257K [0x00000000d5580000, 0x00000000dd980000, 0x0000000100000000)
  eden space 111616K, 25% used [0x00000000d5580000,0x00000000d70d9630,0x00000000dc280000)
  from space 11264K, 82% used [0x00000000dce80000,0x00000000dd789020,0x00000000dd980000)
  to   space 11776K, 0% used [0x00000000dc280000,0x00000000dc280000,0x00000000dce00000)
 ParOldGen       total 89600K, used 7200K [0x0000000080000000, 0x0000000085780000, 0x00000000d5580000)
  object space 89600K, 8% used [0x0000000080000000,0x00000000807083d8,0x0000000085780000)
 Metaspace       used 34230K, capacity 35376K, committed 35496K, reserved 1079296K
  class space    used 4690K, capacity 4969K, committed 5032K, reserved 1048576K
Event: 5.546 GC heap after
Heap after GC invocations=8 (full 1):
 PSYoungGen      total 123392K, used 7911K [0x00000000d5580000, 0x00000000e2d80000, 0x0000000100000000)
  eden space 111616K, 0% used [0x00000000d5580000,0x00000000d5580000,0x00000000dc280000)
  from space 11776K, 67% used [0x00000000dc280000,0x00000000dca39ea0,0x00000000dce00000)
  to   space 11776K, 0% used [0x00000000e2200000,0x00000000e2200000,0x00000000e2d80000)
 ParOldGen       total 89600K, used 7208K [0x0000000080000000, 0x0000000085780000, 0x00000000d5580000)
  object space 89600K, 8% used [0x0000000080000000,0x000000008070a3d8,0x0000000085780000)
 Metaspace       used 34230K, capacity 35376K, committed 35496K, reserved 1079296K
  class space    used 4690K, capacity 4969K, committed 5032K, reserved 1048576K
}
Event: 5.546 GC heap before
{Heap before GC invocations=9 (full 2):
 PSYoungGen      total 123392K, used 7911K [0x00000000d5580000, 0x00000000e2d80000, 0x0000000100000000)
  eden space 111616K, 0% used [0x00000000d5580000,0x00000000d5580000,0x00000000dc280000)
  from space 11776K, 67% used [0x00000000dc280000,0x00000000dca39ea0,0x00000000dce00000)
  to   space 11776K, 0% used [0x00000000e2200000,0x00000000e2200000,0x00000000e2d80000)
 ParOldGen       total 89600K, used 7208K [0x0000000080000000, 0x0000000085780000, 0x00000000d5580000)
  object space 89600K, 8% used [0x0000000080000000,0x000000008070a3d8,0x0000000085780000)
 Metaspace       used 34230K, capacity 35376K, committed 35496K, reserved 1079296K
  class space    used 4690K, capacity 4969K, committed 5032K, reserved 1048576K
Event: 5.613 GC heap after
Heap after GC invocations=9 (full 2):
 PSYoungGen      total 123392K, used 0K [0x00000000d5580000, 0x00000000e2d80000, 0x0000000100000000)
  eden space 111616K, 0% used [0x00000000d5580000,0x00000000d5580000,0x00000000dc280000)
  from space 11776K, 0% used [0x00000000dc280000,0x00000000dc280000,0x00000000dce00000)
  to   space 11776K, 0% used [0x00000000e2200000,0x00000000e2200000,0x00000000e2d80000)
 ParOldGen       total 138240K, used 14290K [0x0000000080000000, 0x0000000088700000, 0x00000000d5580000)
  object space 138240K, 10% used [0x0000000080000000,0x0000000080df4a90,0x0000000088700000)
 Metaspace       used 34230K, capacity 35376K, committed 35496K, reserved 1079296K
  class space    used 4690K, capacity 4969K, committed 5032K, reserved 1048576K
}
Event: 6.347 GC heap before
{Heap before GC invocations=10 (full 2):
 PSYoungGen      total 123392K, used 111616K [0x00000000d5580000, 0x00000000e2d80000, 0x0000000100000000)
  eden space 111616K, 100% used [0x00000000d5580000,0x00000000dc280000,0x00000000dc280000)
  from space 11776K, 0% used [0x00000000dc280000,0x00000000dc280000,0x00000000dce00000)
  to   space 11776K, 0% used [0x00000000e2200000,0x00000000e2200000,0x00000000e2d80000)
 ParOldGen       total 138240K, used 14290K [0x0000000080000000, 0x0000000088700000, 0x00000000d5580000)
  object space 138240K, 10% used [0x0000000080000000,0x0000000080df4a90,0x0000000088700000)
 Metaspace       used 36720K, capacity 38298K, committed 38440K, reserved 1083392K
  class space    used 5036K, capacity 5350K, committed 5416K, reserved 1048576K
Event: 6.353 GC heap after
Heap after GC invocations=10 (full 2):
 PSYoungGen      total 168960K, used 6945K [0x00000000d5580000, 0x00000000e2900000, 0x0000000100000000)
  eden space 161792K, 0% used [0x00000000d5580000,0x00000000d5580000,0x00000000df380000)
  from space 7168K, 96% used [0x00000000e2200000,0x00000000e28c85c8,0x00000000e2900000)
  to   space 11776K, 0% used [0x00000000e1200000,0x00000000e1200000,0x00000000e1d80000)
 ParOldGen       total 138240K, used 14298K [0x0000000080000000, 0x0000000088700000, 0x00000000d5580000)
  object space 138240K, 10% used [0x0000000080000000,0x0000000080df6a90,0x0000000088700000)
 Metaspace       used 36720K, capacity 38298K, committed 38440K, reserved 1083392K
  class space    used 5036K, capacity 5350K, committed 5416K, reserved 1048576K
}
Event: 8.043 GC heap before
{Heap before GC invocations=11 (full 2):
 PSYoungGen      total 168960K, used 168737K [0x00000000d5580000, 0x00000000e2900000, 0x0000000100000000)
  eden space 161792K, 100% used [0x00000000d5580000,0x00000000df380000,0x00000000df380000)
  from space 7168K, 96% used [0x00000000e2200000,0x00000000e28c85c8,0x00000000e2900000)
  to   space 11776K, 0% used [0x00000000e1200000,0x00000000e1200000,0x00000000e1d80000)
 ParOldGen       total 138240K, used 14298K [0x0000000080000000, 0x0000000088700000, 0x00000000d5580000)
  object space 138240K, 10% used [0x0000000080000000,0x0000000080df6a90,0x0000000088700000)
 Metaspace       used 51152K, capacity 53198K, committed 53416K, reserved 1095680K
  class space    used 6839K, capacity 7261K, committed 7336K, reserved 1048576K
Event: 8.064 GC heap after
Heap after GC invocations=11 (full 2):
 PSYoungGen      total 204800K, used 11764K [0x00000000d5580000, 0x00000000e3e80000, 0x0000000100000000)
  eden space 193024K, 0% used [0x00000000d5580000,0x00000000d5580000,0x00000000e1200000)
  from space 11776K, 99% used [0x00000000e1200000,0x00000000e1d7d300,0x00000000e1d80000)
  to   space 17920K, 0% used [0x00000000e2d00000,0x00000000e2d00000,0x00000000e3e80000)
 ParOldGen       total 138240K, used 26757K [0x0000000080000000, 0x0000000088700000, 0x00000000d5580000)
  object space 138240K, 19% used [0x0000000080000000,0x0000000081a216e8,0x0000000088700000)
 Metaspace       used 51152K, capacity 53198K, committed 53416K, reserved 1095680K
  class space    used 6839K, capacity 7261K, committed 7336K, reserved 1048576K
}

