# JRE version: OpenJDK Runtime Environment (8.0_242-b01) (build 1.8.0_242-release-1644-b01)
# Java VM: OpenJDK 64-Bit Server VM (25.242-b01 mixed mode windows-amd64 compressed oops)
Heap:
 PSYoungGen      total 602624K, used 8169K [0x00000000d5580000, 0x0000000100000000, 0x0000000100000000)
  eden space 506368K, 0% used [0x00000000d5580000,0x00000000d5580000,0x00000000f4400000)
  from space 96256K, 8% used [0x00000000f4400000,0x00000000f4bfa758,0x00000000fa200000)
  to   space 93696K, 0% used [0x00000000fa480000,0x00000000fa480000,0x0000000100000000)
 ParOldGen       total 359424K, used 358171K [0x0000000080000000, 0x0000000095f00000, 0x00000000d5580000)
  object space 359424K, 99% used [0x0000000080000000,0x0000000095dc6e00,0x0000000095f00000)
 Metaspace       used 186303K, capacity 199282K, committed 199424K, reserved 1222656K
  class space    used 23642K, capacity 26070K, committed 26112K, reserved 1048576K
GC Heap History (10 events):
Event: 6657.070 GC heap after
Heap after GC invocations=87 (full 6):
 PSYoungGen      total 612864K, used 19138K [0x00000000d5580000, 0x00000000ff980000, 0x0000000100000000)
  eden space 530944K, 0% used [0x00000000d5580000,0x00000000d5580000,0x00000000f5c00000)
  from space 81920K, 23% used [0x00000000f5c00000,0x00000000f6eb0930,0x00000000fac00000)
  to   space 78848K, 0% used [0x00000000fac80000,0x00000000fac80000,0x00000000ff980000)
 ParOldGen       total 349184K, used 315669K [0x0000000080000000, 0x0000000095500000, 0x00000000d5580000)
  object space 349184K, 90% used [0x0000000080000000,0x0000000093445738,0x0000000095500000)
 Metaspace       used 186253K, capacity 199206K, committed 199424K, reserved 1222656K
  class space    used 23637K, capacity 26068K, committed 26112K, reserved 1048576K
}
Event: 6657.768 GC heap before
{Heap before GC invocations=88 (full 6):
 PSYoungGen      total 612864K, used 550082K [0x00000000d5580000, 0x00000000ff980000, 0x0000000100000000)
  eden space 530944K, 100% used [0x00000000d5580000,0x00000000f5c00000,0x00000000f5c00000)
  from space 81920K, 23% used [0x00000000f5c00000,0x00000000f6eb0930,0x00000000fac00000)
  to   space 78848K, 0% used [0x00000000fac80000,0x00000000fac80000,0x00000000ff980000)
 ParOldGen       total 349184K, used 315669K [0x0000000080000000, 0x0000000095500000, 0x00000000d5580000)
  object space 349184K, 90% used [0x0000000080000000,0x0000000093445738,0x0000000095500000)
 Metaspace       used 186257K, capacity 199206K, committed 199424K, reserved 1222656K
  class space    used 23637K, capacity 26068K, committed 26112K, reserved 1048576K
Event: 6657.775 GC heap after
Heap after GC invocations=88 (full 6):
 PSYoungGen      total 613376K, used 2986K [0x00000000d5580000, 0x00000000ffd00000, 0x0000000100000000)
  eden space 534528K, 0% used [0x00000000d5580000,0x00000000d5580000,0x00000000f5f80000)
  from space 78848K, 3% used [0x00000000fac80000,0x00000000faf6ab70,0x00000000ff980000)
  to   space 78848K, 0% used [0x00000000f5f80000,0x00000000f5f80000,0x00000000fac80000)
 ParOldGen       total 349184K, used 315835K [0x0000000080000000, 0x0000000095500000, 0x00000000d5580000)
  object space 349184K, 90% used [0x0000000080000000,0x000000009346ec20,0x0000000095500000)
 Metaspace       used 186257K, capacity 199206K, committed 199424K, reserved 1222656K
  class space    used 23637K, capacity 26068K, committed 26112K, reserved 1048576K
}
Event: 6658.294 GC heap before
{Heap before GC invocations=89 (full 6):
 PSYoungGen      total 613376K, used 537514K [0x00000000d5580000, 0x00000000ffd00000, 0x0000000100000000)
  eden space 534528K, 100% used [0x00000000d5580000,0x00000000f5f80000,0x00000000f5f80000)
  from space 78848K, 3% used [0x00000000fac80000,0x00000000faf6ab70,0x00000000ff980000)
  to   space 78848K, 0% used [0x00000000f5f80000,0x00000000f5f80000,0x00000000fac80000)
 ParOldGen       total 349184K, used 315835K [0x0000000080000000, 0x0000000095500000, 0x00000000d5580000)
  object space 349184K, 90% used [0x0000000080000000,0x000000009346ec20,0x0000000095500000)
 Metaspace       used 186267K, capacity 199206K, committed 199424K, reserved 1222656K
  class space    used 23637K, capacity 26068K, committed 26112K, reserved 1048576K
Event: 6658.303 GC heap after
Heap after GC invocations=89 (full 6):
 PSYoungGen      total 613376K, used 5301K [0x00000000d5580000, 0x00000000ffd00000, 0x0000000100000000)
  eden space 534528K, 0% used [0x00000000d5580000,0x00000000d5580000,0x00000000f5f80000)
  from space 78848K, 6% used [0x00000000f5f80000,0x00000000f64ad7a8,0x00000000fac80000)
  to   space 77312K, 0% used [0x00000000fb180000,0x00000000fb180000,0x00000000ffd00000)
 ParOldGen       total 349184K, used 316046K [0x0000000080000000, 0x0000000095500000, 0x00000000d5580000)
  object space 349184K, 90% used [0x0000000080000000,0x00000000934a38d8,0x0000000095500000)
 Metaspace       used 186267K, capacity 199206K, committed 199424K, reserved 1222656K
  class space    used 23637K, capacity 26068K, committed 26112K, reserved 1048576K
}
Event: 6659.512 GC heap before
{Heap before GC invocations=90 (full 6):
 PSYoungGen      total 613376K, used 539829K [0x00000000d5580000, 0x00000000ffd00000, 0x0000000100000000)
  eden space 534528K, 100% used [0x00000000d5580000,0x00000000f5f80000,0x00000000f5f80000)
  from space 78848K, 6% used [0x00000000f5f80000,0x00000000f64ad7a8,0x00000000fac80000)
  to   space 77312K, 0% used [0x00000000fb180000,0x00000000fb180000,0x00000000ffd00000)
 ParOldGen       total 349184K, used 316046K [0x0000000080000000, 0x0000000095500000, 0x00000000d5580000)
  object space 349184K, 90% used [0x0000000080000000,0x00000000934a38d8,0x0000000095500000)
 Metaspace       used 186278K, capacity 199218K, committed 199424K, reserved 1222656K
  class space    used 23638K, capacity 26070K, committed 26112K, reserved 1048576K
Event: 6659.567 GC heap after
Heap after GC invocations=90 (full 6):
 PSYoungGen      total 583680K, used 77306K [0x00000000d5580000, 0x0000000100000000, 0x0000000100000000)
  eden space 506368K, 0% used [0x00000000d5580000,0x00000000d5580000,0x00000000f4400000)
  from space 77312K, 99% used [0x00000000fb180000,0x00000000ffcfe958,0x00000000ffd00000)
  to   space 96256K, 0% used [0x00000000f4400000,0x00000000f4400000,0x00000000fa200000)
 ParOldGen       total 349184K, used 328975K [0x0000000080000000, 0x0000000095500000, 0x00000000d5580000)
  object space 349184K, 94% used [0x0000000080000000,0x0000000094143f78,0x0000000095500000)
 Metaspace       used 186278K, capacity 199218K, committed 199424K, reserved 1222656K
  class space    used 23638K, capacity 26070K, committed 26112K, reserved 1048576K
}
Event: 6661.275 GC heap before
{Heap before GC invocations=91 (full 6):
 PSYoungGen      total 583680K, used 583653K [0x00000000d5580000, 0x0000000100000000, 0x0000000100000000)
  eden space 506368K, 99% used [0x00000000d5580000,0x00000000f43faca0,0x00000000f4400000)
  from space 77312K, 99% used [0x00000000fb180000,0x00000000ffcfe958,0x00000000ffd00000)
  to   space 96256K, 0% used [0x00000000f4400000,0x00000000f4400000,0x00000000fa200000)
 ParOldGen       total 349184K, used 328975K [0x0000000080000000, 0x0000000095500000, 0x00000000d5580000)
  object space 349184K, 94% used [0x0000000080000000,0x0000000094143f78,0x0000000095500000)
 Metaspace       used 186303K, capacity 199282K, committed 199424K, reserved 1222656K
  class space    used 23642K, capacity 26070K, committed 26112K, reserved 1048576K
Event: 6661.314 GC heap after
Heap after GC invocations=91 (full 6):
 PSYoungGen      total 602624K, used 8169K [0x00000000d5580000, 0x0000000100000000, 0x0000000100000000)
  eden space 506368K, 0% used [0x00000000d5580000,0x00000000d5580000,0x00000000f4400000)
  from space 96256K, 8% used [0x00000000f4400000,0x00000000f4bfa758,0x00000000fa200000)
  to   space 93696K, 0% used [0x00000000fa480000,0x00000000fa480000,0x0000000100000000)
 ParOldGen       total 359424K, used 358171K [0x0000000080000000, 0x0000000095f00000, 0x00000000d5580000)
  object space 359424K, 99% used [0x0000000080000000,0x0000000095dc6e00,0x0000000095f00000)
 Metaspace       used 186303K, capacity 199282K, committed 199424K, reserved 1222656K
  class space    used 23642K, capacity 26070K, committed 26112K, reserved 1048576K
}
Event: 6661.314 GC heap before
{Heap before GC invocations=92 (full 7):
 PSYoungGen      total 602624K, used 8169K [0x00000000d5580000, 0x0000000100000000, 0x0000000100000000)
  eden space 506368K, 0% used [0x00000000d5580000,0x00000000d5580000,0x00000000f4400000)
  from space 96256K, 8% used [0x00000000f4400000,0x00000000f4bfa758,0x00000000fa200000)
  to   space 93696K, 0% used [0x00000000fa480000,0x00000000fa480000,0x0000000100000000)
 ParOldGen       total 359424K, used 358171K [0x0000000080000000, 0x0000000095f00000, 0x00000000d5580000)
  object space 359424K, 99% used [0x0000000080000000,0x0000000095dc6e00,0x0000000095f00000)
 Metaspace       used 186303K, capacity 199282K, committed 199424K, reserved 1222656K
  class space    used 23642K, capacity 26070K, committed 26112K, reserved 1048576K

