# JRE version: OpenJDK Runtime Environment (8.0_242-b01) (build 1.8.0_242-release-1644-b01)
# Java VM: OpenJDK 64-Bit Server VM (25.242-b01 mixed mode windows-amd64 compressed oops)
Heap:
 PSYoungGen      total 114176K, used 7960K [0x00000000d5580000, 0x00000000e1480000, 0x0000000100000000)
  eden space 102400K, 0% used [0x00000000d5580000,0x00000000d5580000,0x00000000db980000)
  from space 11776K, 67% used [0x00000000db980000,0x00000000dc146070,0x00000000dc500000)
  to   space 11776K, 0% used [0x00000000e0900000,0x00000000e0900000,0x00000000e1480000)
 ParOldGen       total 97792K, used 7244K [0x0000000080000000, 0x0000000085f80000, 0x00000000d5580000)
  object space 97792K, 7% used [0x0000000080000000,0x0000000080713000,0x0000000085f80000)
 Metaspace       used 34251K, capacity 35376K, committed 35496K, reserved 1079296K
  class space    used 4696K, capacity 4969K, committed 5032K, reserved 1048576K
GC Heap History (10 events):
Event: 3.339 GC heap after
Heap after GC invocations=4 (full 0):
 PSYoungGen      total 75776K, used 7429K [0x00000000d5580000, 0x00000000de980000, 0x0000000100000000)
  eden space 65024K, 0% used [0x00000000d5580000,0x00000000d5580000,0x00000000d9500000)
  from space 10752K, 69% used [0x00000000d9f80000,0x00000000da6c1458,0x00000000daa00000)
  to   space 10752K, 0% used [0x00000000d9500000,0x00000000d9500000,0x00000000d9f80000)
 ParOldGen       total 173568K, used 729K [0x0000000080000000, 0x000000008a980000, 0x00000000d5580000)
  object space 173568K, 0% used [0x0000000080000000,0x00000000800b6750,0x000000008a980000)
 Metaspace       used 20578K, capacity 21224K, committed 21296K, reserved 1067008K
  class space    used 2872K, capacity 3076K, committed 3120K, reserved 1048576K
}
Event: 3.339 GC heap before
{Heap before GC invocations=5 (full 1):
 PSYoungGen      total 75776K, used 7429K [0x00000000d5580000, 0x00000000de980000, 0x0000000100000000)
  eden space 65024K, 0% used [0x00000000d5580000,0x00000000d5580000,0x00000000d9500000)
  from space 10752K, 69% used [0x00000000d9f80000,0x00000000da6c1458,0x00000000daa00000)
  to   space 10752K, 0% used [0x00000000d9500000,0x00000000d9500000,0x00000000d9f80000)
 ParOldGen       total 173568K, used 729K [0x0000000080000000, 0x000000008a980000, 0x00000000d5580000)
  object space 173568K, 0% used [0x0000000080000000,0x00000000800b6750,0x000000008a980000)
 Metaspace       used 20578K, capacity 21224K, committed 21296K, reserved 1067008K
  class space    used 2872K, capacity 3076K, committed 3120K, reserved 1048576K
Event: 3.378 GC heap after
Heap after GC invocations=5 (full 1):
 PSYoungGen      total 75776K, used 0K [0x00000000d5580000, 0x00000000de980000, 0x0000000100000000)
  eden space 65024K, 0% used [0x00000000d5580000,0x00000000d5580000,0x00000000d9500000)
  from space 10752K, 0% used [0x00000000d9f80000,0x00000000d9f80000,0x00000000daa00000)
  to   space 10752K, 0% used [0x00000000d9500000,0x00000000d9500000,0x00000000d9f80000)
 ParOldGen       total 97792K, used 7220K [0x0000000080000000, 0x0000000085f80000, 0x00000000d5580000)
  object space 97792K, 7% used [0x0000000080000000,0x000000008070d000,0x0000000085f80000)
 Metaspace       used 20578K, capacity 21224K, committed 21296K, reserved 1067008K
  class space    used 2872K, capacity 3076K, committed 3120K, reserved 1048576K
}
Event: 4.021 GC heap before
{Heap before GC invocations=6 (full 1):
 PSYoungGen      total 75776K, used 65024K [0x00000000d5580000, 0x00000000de980000, 0x0000000100000000)
  eden space 65024K, 100% used [0x00000000d5580000,0x00000000d9500000,0x00000000d9500000)
  from space 10752K, 0% used [0x00000000d9f80000,0x00000000d9f80000,0x00000000daa00000)
  to   space 10752K, 0% used [0x00000000d9500000,0x00000000d9500000,0x00000000d9f80000)
 ParOldGen       total 97792K, used 7220K [0x0000000080000000, 0x0000000085f80000, 0x00000000d5580000)
  object space 97792K, 7% used [0x0000000080000000,0x000000008070d000,0x0000000085f80000)
 Metaspace       used 28575K, capacity 29382K, committed 29616K, reserved 1075200K
  class space    used 3933K, capacity 4149K, committed 4272K, reserved 1048576K
Event: 4.026 GC heap after
Heap after GC invocations=6 (full 1):
 PSYoungGen      total 75776K, used 8219K [0x00000000d5580000, 0x00000000dd100000, 0x0000000100000000)
  eden space 65024K, 0% used [0x00000000d5580000,0x00000000d5580000,0x00000000d9500000)
  from space 10752K, 76% used [0x00000000d9500000,0x00000000d9d06f08,0x00000000d9f80000)
  to   space 11776K, 0% used [0x00000000dc580000,0x00000000dc580000,0x00000000dd100000)
 ParOldGen       total 97792K, used 7228K [0x0000000080000000, 0x0000000085f80000, 0x00000000d5580000)
  object space 97792K, 7% used [0x0000000080000000,0x000000008070f000,0x0000000085f80000)
 Metaspace       used 28575K, capacity 29382K, committed 29616K, reserved 1075200K
  class space    used 3933K, capacity 4149K, committed 4272K, reserved 1048576K
}
Event: 4.581 GC heap before
{Heap before GC invocations=7 (full 1):
 PSYoungGen      total 75776K, used 73243K [0x00000000d5580000, 0x00000000dd100000, 0x0000000100000000)
  eden space 65024K, 100% used [0x00000000d5580000,0x00000000d9500000,0x00000000d9500000)
  from space 10752K, 76% used [0x00000000d9500000,0x00000000d9d06f08,0x00000000d9f80000)
  to   space 11776K, 0% used [0x00000000dc580000,0x00000000dc580000,0x00000000dd100000)
 ParOldGen       total 97792K, used 7228K [0x0000000080000000, 0x0000000085f80000, 0x00000000d5580000)
  object space 97792K, 7% used [0x0000000080000000,0x000000008070f000,0x0000000085f80000)
 Metaspace       used 32872K, capacity 33920K, committed 34224K, reserved 1079296K
  class space    used 4475K, capacity 4750K, committed 4784K, reserved 1048576K
Event: 4.588 GC heap after
Heap after GC invocations=7 (full 1):
 PSYoungGen      total 113664K, used 9316K [0x00000000d5580000, 0x00000000dd080000, 0x0000000100000000)
  eden space 102400K, 0% used [0x00000000d5580000,0x00000000d5580000,0x00000000db980000)
  from space 11264K, 82% used [0x00000000dc580000,0x00000000dce99250,0x00000000dd080000)
  to   space 11776K, 0% used [0x00000000db980000,0x00000000db980000,0x00000000dc500000)
 ParOldGen       total 97792K, used 7236K [0x0000000080000000, 0x0000000085f80000, 0x00000000d5580000)
  object space 97792K, 7% used [0x0000000080000000,0x0000000080711000,0x0000000085f80000)
 Metaspace       used 32872K, capacity 33920K, committed 34224K, reserved 1079296K
  class space    used 4475K, capacity 4750K, committed 4784K, reserved 1048576K
}
Event: 4.795 GC heap before
{Heap before GC invocations=8 (full 1):
 PSYoungGen      total 113664K, used 39042K [0x00000000d5580000, 0x00000000dd080000, 0x0000000100000000)
  eden space 102400K, 29% used [0x00000000d5580000,0x00000000d7287608,0x00000000db980000)
  from space 11264K, 82% used [0x00000000dc580000,0x00000000dce99250,0x00000000dd080000)
  to   space 11776K, 0% used [0x00000000db980000,0x00000000db980000,0x00000000dc500000)
 ParOldGen       total 97792K, used 7236K [0x0000000080000000, 0x0000000085f80000, 0x00000000d5580000)
  object space 97792K, 7% used [0x0000000080000000,0x0000000080711000,0x0000000085f80000)
 Metaspace       used 34251K, capacity 35376K, committed 35496K, reserved 1079296K
  class space    used 4696K, capacity 4969K, committed 5032K, reserved 1048576K
Event: 4.806 GC heap after
Heap after GC invocations=8 (full 1):
 PSYoungGen      total 114176K, used 7960K [0x00000000d5580000, 0x00000000e1480000, 0x0000000100000000)
  eden space 102400K, 0% used [0x00000000d5580000,0x00000000d5580000,0x00000000db980000)
  from space 11776K, 67% used [0x00000000db980000,0x00000000dc146070,0x00000000dc500000)
  to   space 11776K, 0% used [0x00000000e0900000,0x00000000e0900000,0x00000000e1480000)
 ParOldGen       total 97792K, used 7244K [0x0000000080000000, 0x0000000085f80000, 0x00000000d5580000)
  object space 97792K, 7% used [0x0000000080000000,0x0000000080713000,0x0000000085f80000)
 Metaspace       used 34251K, capacity 35376K, committed 35496K, reserved 1079296K
  class space    used 4696K, capacity 4969K, committed 5032K, reserved 1048576K
}
Event: 4.806 GC heap before
{Heap before GC invocations=9 (full 2):
 PSYoungGen      total 114176K, used 7960K [0x00000000d5580000, 0x00000000e1480000, 0x0000000100000000)
  eden space 102400K, 0% used [0x00000000d5580000,0x00000000d5580000,0x00000000db980000)
  from space 11776K, 67% used [0x00000000db980000,0x00000000dc146070,0x00000000dc500000)
  to   space 11776K, 0% used [0x00000000e0900000,0x00000000e0900000,0x00000000e1480000)
 ParOldGen       total 97792K, used 7244K [0x0000000080000000, 0x0000000085f80000, 0x00000000d5580000)
  object space 97792K, 7% used [0x0000000080000000,0x0000000080713000,0x0000000085f80000)
 Metaspace       used 34251K, capacity 35376K, committed 35496K, reserved 1079296K
  class space    used 4696K, capacity 4969K, committed 5032K, reserved 1048576K

