# JRE version: OpenJDK Runtime Environment (8.0_242-b01) (build 1.8.0_242-release-1644-b01)
# Java VM: OpenJDK 64-Bit Server VM (25.242-b01 mixed mode windows-amd64 compressed oops)
Heap:
 PSYoungGen      total 276992K, used 251408K [0x00000000d5580000, 0x00000000eea00000, 0x0000000100000000)
  eden space 232960K, 89% used [0x00000000d5580000,0x00000000e20053a8,0x00000000e3900000)
  from space 44032K, 99% used [0x00000000e3900000,0x00000000e63fecc0,0x00000000e6400000)
  to   space 66048K, 0% used [0x00000000ea980000,0x00000000ea980000,0x00000000eea00000)
 ParOldGen       total 224768K, used 114451K [0x0000000080000000, 0x000000008db80000, 0x00000000d5580000)
  object space 224768K, 50% used [0x0000000080000000,0x0000000086fc4d70,0x000000008db80000)
 Metaspace       used 82069K, capacity 86320K, committed 86568K, reserved 1124352K
  class space    used 10993K, capacity 11812K, committed 11816K, reserved 1048576K
GC Heap History (10 events):
Event: 58.022 GC heap before
{Heap before GC invocations=14 (full 3):
 PSYoungGen      total 210432K, used 193024K [0x00000000d5580000, 0x00000000e5c80000, 0x0000000100000000)
  eden space 193024K, 100% used [0x00000000d5580000,0x00000000e1200000,0x00000000e1200000)
  from space 17408K, 0% used [0x00000000e2700000,0x00000000e2700000,0x00000000e3800000)
  to   space 21504K, 0% used [0x00000000e1200000,0x00000000e1200000,0x00000000e2700000)
 ParOldGen       total 224768K, used 36528K [0x0000000080000000, 0x000000008db80000, 0x00000000d5580000)
  object space 224768K, 16% used [0x0000000080000000,0x00000000823ac0c0,0x000000008db80000)
 Metaspace       used 66891K, capacity 69794K, committed 70056K, reserved 1110016K
  class space    used 9052K, capacity 9627K, committed 9640K, reserved 1048576K
Event: 58.048 GC heap after
Heap after GC invocations=14 (full 3):
 PSYoungGen      total 214528K, used 15893K [0x00000000d5580000, 0x00000000e5b80000, 0x0000000100000000)
  eden space 193024K, 0% used [0x00000000d5580000,0x00000000d5580000,0x00000000e1200000)
  from space 21504K, 73% used [0x00000000e1200000,0x00000000e21857d8,0x00000000e2700000)
  to   space 22016K, 0% used [0x00000000e4600000,0x00000000e4600000,0x00000000e5b80000)
 ParOldGen       total 224768K, used 36536K [0x0000000080000000, 0x000000008db80000, 0x00000000d5580000)
  object space 224768K, 16% used [0x0000000080000000,0x00000000823ae0c0,0x000000008db80000)
 Metaspace       used 66891K, capacity 69794K, committed 70056K, reserved 1110016K
  class space    used 9052K, capacity 9627K, committed 9640K, reserved 1048576K
}
Event: 59.946 GC heap before
{Heap before GC invocations=15 (full 3):
 PSYoungGen      total 214528K, used 208917K [0x00000000d5580000, 0x00000000e5b80000, 0x0000000100000000)
  eden space 193024K, 100% used [0x00000000d5580000,0x00000000e1200000,0x00000000e1200000)
  from space 21504K, 73% used [0x00000000e1200000,0x00000000e21857d8,0x00000000e2700000)
  to   space 22016K, 0% used [0x00000000e4600000,0x00000000e4600000,0x00000000e5b80000)
 ParOldGen       total 224768K, used 36536K [0x0000000080000000, 0x000000008db80000, 0x00000000d5580000)
  object space 224768K, 16% used [0x0000000080000000,0x00000000823ae0c0,0x000000008db80000)
 Metaspace       used 69238K, capacity 72632K, committed 72744K, reserved 1112064K
  class space    used 9294K, capacity 9980K, committed 10024K, reserved 1048576K
Event: 59.964 GC heap after
Heap after GC invocations=15 (full 3):
 PSYoungGen      total 243200K, used 21985K [0x00000000d5580000, 0x00000000e5f80000, 0x0000000100000000)
  eden space 221184K, 0% used [0x00000000d5580000,0x00000000d5580000,0x00000000e2d80000)
  from space 22016K, 99% used [0x00000000e4600000,0x00000000e5b787d0,0x00000000e5b80000)
  to   space 25088K, 0% used [0x00000000e2d80000,0x00000000e2d80000,0x00000000e4600000)
 ParOldGen       total 224768K, used 37073K [0x0000000080000000, 0x000000008db80000, 0x00000000d5580000)
  object space 224768K, 16% used [0x0000000080000000,0x0000000082434728,0x000000008db80000)
 Metaspace       used 69238K, capacity 72632K, committed 72744K, reserved 1112064K
  class space    used 9294K, capacity 9980K, committed 10024K, reserved 1048576K
}
Event: 63.097 GC heap before
{Heap before GC invocations=16 (full 3):
 PSYoungGen      total 243200K, used 243169K [0x00000000d5580000, 0x00000000e5f80000, 0x0000000100000000)
  eden space 221184K, 100% used [0x00000000d5580000,0x00000000e2d80000,0x00000000e2d80000)
  from space 22016K, 99% used [0x00000000e4600000,0x00000000e5b787d0,0x00000000e5b80000)
  to   space 25088K, 0% used [0x00000000e2d80000,0x00000000e2d80000,0x00000000e4600000)
 ParOldGen       total 224768K, used 37073K [0x0000000080000000, 0x000000008db80000, 0x00000000d5580000)
  object space 224768K, 16% used [0x0000000080000000,0x0000000082434728,0x000000008db80000)
 Metaspace       used 72827K, capacity 76356K, committed 76456K, reserved 1116160K
  class space    used 9707K, capacity 10402K, committed 10408K, reserved 1048576K
Event: 63.111 GC heap after
Heap after GC invocations=16 (full 3):
 PSYoungGen      total 246272K, used 20796K [0x00000000d5580000, 0x00000000e7e00000, 0x0000000100000000)
  eden space 221184K, 0% used [0x00000000d5580000,0x00000000d5580000,0x00000000e2d80000)
  from space 25088K, 82% used [0x00000000e2d80000,0x00000000e41cf2a0,0x00000000e4600000)
  to   space 26624K, 0% used [0x00000000e6400000,0x00000000e6400000,0x00000000e7e00000)
 ParOldGen       total 224768K, used 37081K [0x0000000080000000, 0x000000008db80000, 0x00000000d5580000)
  object space 224768K, 16% used [0x0000000080000000,0x0000000082436728,0x000000008db80000)
 Metaspace       used 72827K, capacity 76356K, committed 76456K, reserved 1116160K
  class space    used 9707K, capacity 10402K, committed 10408K, reserved 1048576K
}
Event: 66.655 GC heap before
{Heap before GC invocations=17 (full 3):
 PSYoungGen      total 246272K, used 241980K [0x00000000d5580000, 0x00000000e7e00000, 0x0000000100000000)
  eden space 221184K, 100% used [0x00000000d5580000,0x00000000e2d80000,0x00000000e2d80000)
  from space 25088K, 82% used [0x00000000e2d80000,0x00000000e41cf2a0,0x00000000e4600000)
  to   space 26624K, 0% used [0x00000000e6400000,0x00000000e6400000,0x00000000e7e00000)
 ParOldGen       total 224768K, used 37081K [0x0000000080000000, 0x000000008db80000, 0x00000000d5580000)
  object space 224768K, 16% used [0x0000000080000000,0x0000000082436728,0x000000008db80000)
 Metaspace       used 75555K, capacity 79248K, committed 79400K, reserved 1118208K
  class space    used 9994K, capacity 10726K, committed 10792K, reserved 1048576K
Event: 66.725 GC heap after
Heap after GC invocations=17 (full 3):
 PSYoungGen      total 259584K, used 26605K [0x00000000d5580000, 0x00000000ea400000, 0x0000000100000000)
  eden space 232960K, 0% used [0x00000000d5580000,0x00000000d5580000,0x00000000e3900000)
  from space 26624K, 99% used [0x00000000e6400000,0x00000000e7dfb6f8,0x00000000e7e00000)
  to   space 44032K, 0% used [0x00000000e3900000,0x00000000e3900000,0x00000000e6400000)
 ParOldGen       total 224768K, used 74169K [0x0000000080000000, 0x000000008db80000, 0x00000000d5580000)
  object space 224768K, 32% used [0x0000000080000000,0x000000008486e508,0x000000008db80000)
 Metaspace       used 75555K, capacity 79248K, committed 79400K, reserved 1118208K
  class space    used 9994K, capacity 10726K, committed 10792K, reserved 1048576K
}
Event: 68.203 GC heap before
{Heap before GC invocations=18 (full 3):
 PSYoungGen      total 259584K, used 259565K [0x00000000d5580000, 0x00000000ea400000, 0x0000000100000000)
  eden space 232960K, 100% used [0x00000000d5580000,0x00000000e3900000,0x00000000e3900000)
  from space 26624K, 99% used [0x00000000e6400000,0x00000000e7dfb6f8,0x00000000e7e00000)
  to   space 44032K, 0% used [0x00000000e3900000,0x00000000e3900000,0x00000000e6400000)
 ParOldGen       total 224768K, used 74169K [0x0000000080000000, 0x000000008db80000, 0x00000000d5580000)
  object space 224768K, 32% used [0x0000000080000000,0x000000008486e508,0x000000008db80000)
 Metaspace       used 79960K, capacity 83862K, committed 84008K, reserved 1122304K
  class space    used 10713K, capacity 11501K, committed 11560K, reserved 1048576K
Event: 68.276 GC heap after
Heap after GC invocations=18 (full 3):
 PSYoungGen      total 276992K, used 44027K [0x00000000d5580000, 0x00000000eea00000, 0x0000000100000000)
  eden space 232960K, 0% used [0x00000000d5580000,0x00000000d5580000,0x00000000e3900000)
  from space 44032K, 99% used [0x00000000e3900000,0x00000000e63fecc0,0x00000000e6400000)
  to   space 66048K, 0% used [0x00000000ea980000,0x00000000ea980000,0x00000000eea00000)
 ParOldGen       total 224768K, used 114451K [0x0000000080000000, 0x000000008db80000, 0x00000000d5580000)
  object space 224768K, 50% used [0x0000000080000000,0x0000000086fc4d70,0x000000008db80000)
 Metaspace       used 79960K, capacity 83862K, committed 84008K, reserved 1122304K
  class space    used 10713K, capacity 11501K, committed 11560K, reserved 1048576K
}

